                                      1 ;--------------------------------------------------------
                                      2 ; File Created by SDCC : free open source ANSI-C Compiler
                                      3 ; Version 3.8.0 #10562 (Linux)
                                      4 ;--------------------------------------------------------
                                      5 	.module stm8s_clk
                                      6 	.optsdcc -mstm8
                                      7 	
                                      8 ;--------------------------------------------------------
                                      9 ; Public variables in this module
                                     10 ;--------------------------------------------------------
                                     11 	.globl _HSIDivFactor
                                     12 	.globl _CLK_DeInit
                                     13 	.globl _CLK_FastHaltWakeUpCmd
                                     14 	.globl _CLK_HSECmd
                                     15 	.globl _CLK_HSICmd
                                     16 	.globl _CLK_LSICmd
                                     17 	.globl _CLK_CCOCmd
                                     18 	.globl _CLK_ClockSwitchCmd
                                     19 	.globl _CLK_SlowActiveHaltWakeUpCmd
                                     20 	.globl _CLK_PeripheralClockConfig
                                     21 	.globl _CLK_ClockSwitchConfig
                                     22 	.globl _CLK_HSIPrescalerConfig
                                     23 	.globl _CLK_CCOConfig
                                     24 	.globl _CLK_ITConfig
                                     25 	.globl _CLK_SYSCLKConfig
                                     26 	.globl _CLK_SWIMConfig
                                     27 	.globl _CLK_ClockSecuritySystemEnable
                                     28 	.globl _CLK_GetSYSCLKSource
                                     29 	.globl _CLK_GetClockFreq
                                     30 	.globl _CLK_AdjustHSICalibrationValue
                                     31 	.globl _CLK_SYSCLKEmergencyClear
                                     32 	.globl _CLK_GetFlagStatus
                                     33 	.globl _CLK_GetITStatus
                                     34 	.globl _CLK_ClearITPendingBit
                                     35 ;--------------------------------------------------------
                                     36 ; ram data
                                     37 ;--------------------------------------------------------
                                     38 	.area DATA
                                     39 ;--------------------------------------------------------
                                     40 ; ram data
                                     41 ;--------------------------------------------------------
                                     42 	.area INITIALIZED
                                     43 ;--------------------------------------------------------
                                     44 ; absolute external ram data
                                     45 ;--------------------------------------------------------
                                     46 	.area DABS (ABS)
                                     47 
                                     48 ; default segment ordering for linker
                                     49 	.area HOME
                                     50 	.area GSINIT
                                     51 	.area GSFINAL
                                     52 	.area CONST
                                     53 	.area INITIALIZER
                                     54 	.area CODE
                                     55 
                                     56 ;--------------------------------------------------------
                                     57 ; global & static initialisations
                                     58 ;--------------------------------------------------------
                                     59 	.area HOME
                                     60 	.area GSINIT
                                     61 	.area GSFINAL
                                     62 	.area GSINIT
                                     63 ;--------------------------------------------------------
                                     64 ; Home
                                     65 ;--------------------------------------------------------
                                     66 	.area HOME
                                     67 	.area HOME
                                     68 ;--------------------------------------------------------
                                     69 ; code
                                     70 ;--------------------------------------------------------
                                     71 	.area CODE
                                     72 ;	STM8S_StdPeriph_Lib/Libraries/STM8S_StdPeriph_Driver/src/stm8s_clk.c: 72: void CLK_DeInit(void)
                                     73 ;	-----------------------------------------
                                     74 ;	 function CLK_DeInit
                                     75 ;	-----------------------------------------
      000000                         76 _CLK_DeInit:
                                     77 ;	STM8S_StdPeriph_Lib/Libraries/STM8S_StdPeriph_Driver/src/stm8s_clk.c: 74: CLK->ICKR = CLK_ICKR_RESET_VALUE;
      000000 35 01 50 C0      [ 1]   78 	mov	0x50c0+0, #0x01
                                     79 ;	STM8S_StdPeriph_Lib/Libraries/STM8S_StdPeriph_Driver/src/stm8s_clk.c: 75: CLK->ECKR = CLK_ECKR_RESET_VALUE;
      000004 35 00 50 C1      [ 1]   80 	mov	0x50c1+0, #0x00
                                     81 ;	STM8S_StdPeriph_Lib/Libraries/STM8S_StdPeriph_Driver/src/stm8s_clk.c: 76: CLK->SWR  = CLK_SWR_RESET_VALUE;
      000008 35 E1 50 C4      [ 1]   82 	mov	0x50c4+0, #0xe1
                                     83 ;	STM8S_StdPeriph_Lib/Libraries/STM8S_StdPeriph_Driver/src/stm8s_clk.c: 77: CLK->SWCR = CLK_SWCR_RESET_VALUE;
      00000C 35 00 50 C5      [ 1]   84 	mov	0x50c5+0, #0x00
                                     85 ;	STM8S_StdPeriph_Lib/Libraries/STM8S_StdPeriph_Driver/src/stm8s_clk.c: 78: CLK->CKDIVR = CLK_CKDIVR_RESET_VALUE;
      000010 35 18 50 C6      [ 1]   86 	mov	0x50c6+0, #0x18
                                     87 ;	STM8S_StdPeriph_Lib/Libraries/STM8S_StdPeriph_Driver/src/stm8s_clk.c: 79: CLK->PCKENR1 = CLK_PCKENR1_RESET_VALUE;
      000014 35 FF 50 C7      [ 1]   88 	mov	0x50c7+0, #0xff
                                     89 ;	STM8S_StdPeriph_Lib/Libraries/STM8S_StdPeriph_Driver/src/stm8s_clk.c: 80: CLK->PCKENR2 = CLK_PCKENR2_RESET_VALUE;
      000018 35 FF 50 CA      [ 1]   90 	mov	0x50ca+0, #0xff
                                     91 ;	STM8S_StdPeriph_Lib/Libraries/STM8S_StdPeriph_Driver/src/stm8s_clk.c: 81: CLK->CSSR = CLK_CSSR_RESET_VALUE;
      00001C 35 00 50 C8      [ 1]   92 	mov	0x50c8+0, #0x00
                                     93 ;	STM8S_StdPeriph_Lib/Libraries/STM8S_StdPeriph_Driver/src/stm8s_clk.c: 82: CLK->CCOR = CLK_CCOR_RESET_VALUE;
      000020 35 00 50 C9      [ 1]   94 	mov	0x50c9+0, #0x00
                                     95 ;	STM8S_StdPeriph_Lib/Libraries/STM8S_StdPeriph_Driver/src/stm8s_clk.c: 83: while ((CLK->CCOR & CLK_CCOR_CCOEN)!= 0)
      000024                         96 00101$:
      000024 C6 50 C9         [ 1]   97 	ld	a, 0x50c9
      000027 44               [ 1]   98 	srl	a
      000028 25 FA            [ 1]   99 	jrc	00101$
                                    100 ;	STM8S_StdPeriph_Lib/Libraries/STM8S_StdPeriph_Driver/src/stm8s_clk.c: 85: CLK->CCOR = CLK_CCOR_RESET_VALUE;
      00002A 35 00 50 C9      [ 1]  101 	mov	0x50c9+0, #0x00
                                    102 ;	STM8S_StdPeriph_Lib/Libraries/STM8S_StdPeriph_Driver/src/stm8s_clk.c: 86: CLK->HSITRIMR = CLK_HSITRIMR_RESET_VALUE;
      00002E 35 00 50 CC      [ 1]  103 	mov	0x50cc+0, #0x00
                                    104 ;	STM8S_StdPeriph_Lib/Libraries/STM8S_StdPeriph_Driver/src/stm8s_clk.c: 87: CLK->SWIMCCR = CLK_SWIMCCR_RESET_VALUE;
      000032 35 00 50 CD      [ 1]  105 	mov	0x50cd+0, #0x00
                                    106 ;	STM8S_StdPeriph_Lib/Libraries/STM8S_StdPeriph_Driver/src/stm8s_clk.c: 88: }
      000036 81               [ 4]  107 	ret
                                    108 ;	STM8S_StdPeriph_Lib/Libraries/STM8S_StdPeriph_Driver/src/stm8s_clk.c: 99: void CLK_FastHaltWakeUpCmd(FunctionalState NewState)
                                    109 ;	-----------------------------------------
                                    110 ;	 function CLK_FastHaltWakeUpCmd
                                    111 ;	-----------------------------------------
      000037                        112 _CLK_FastHaltWakeUpCmd:
                                    113 ;	STM8S_StdPeriph_Lib/Libraries/STM8S_StdPeriph_Driver/src/stm8s_clk.c: 107: CLK->ICKR |= CLK_ICKR_FHWU;
      000037 C6 50 C0         [ 1]  114 	ld	a, 0x50c0
                                    115 ;	STM8S_StdPeriph_Lib/Libraries/STM8S_StdPeriph_Driver/src/stm8s_clk.c: 104: if (NewState != DISABLE)
      00003A 0D 03            [ 1]  116 	tnz	(0x03, sp)
      00003C 27 06            [ 1]  117 	jreq	00102$
                                    118 ;	STM8S_StdPeriph_Lib/Libraries/STM8S_StdPeriph_Driver/src/stm8s_clk.c: 107: CLK->ICKR |= CLK_ICKR_FHWU;
      00003E AA 04            [ 1]  119 	or	a, #0x04
      000040 C7 50 C0         [ 1]  120 	ld	0x50c0, a
      000043 81               [ 4]  121 	ret
      000044                        122 00102$:
                                    123 ;	STM8S_StdPeriph_Lib/Libraries/STM8S_StdPeriph_Driver/src/stm8s_clk.c: 112: CLK->ICKR &= (uint8_t)(~CLK_ICKR_FHWU);
      000044 A4 FB            [ 1]  124 	and	a, #0xfb
      000046 C7 50 C0         [ 1]  125 	ld	0x50c0, a
                                    126 ;	STM8S_StdPeriph_Lib/Libraries/STM8S_StdPeriph_Driver/src/stm8s_clk.c: 114: }
      000049 81               [ 4]  127 	ret
                                    128 ;	STM8S_StdPeriph_Lib/Libraries/STM8S_StdPeriph_Driver/src/stm8s_clk.c: 121: void CLK_HSECmd(FunctionalState NewState)
                                    129 ;	-----------------------------------------
                                    130 ;	 function CLK_HSECmd
                                    131 ;	-----------------------------------------
      00004A                        132 _CLK_HSECmd:
                                    133 ;	STM8S_StdPeriph_Lib/Libraries/STM8S_StdPeriph_Driver/src/stm8s_clk.c: 129: CLK->ECKR |= CLK_ECKR_HSEEN;
      00004A C6 50 C1         [ 1]  134 	ld	a, 0x50c1
                                    135 ;	STM8S_StdPeriph_Lib/Libraries/STM8S_StdPeriph_Driver/src/stm8s_clk.c: 126: if (NewState != DISABLE)
      00004D 0D 03            [ 1]  136 	tnz	(0x03, sp)
      00004F 27 06            [ 1]  137 	jreq	00102$
                                    138 ;	STM8S_StdPeriph_Lib/Libraries/STM8S_StdPeriph_Driver/src/stm8s_clk.c: 129: CLK->ECKR |= CLK_ECKR_HSEEN;
      000051 AA 01            [ 1]  139 	or	a, #0x01
      000053 C7 50 C1         [ 1]  140 	ld	0x50c1, a
      000056 81               [ 4]  141 	ret
      000057                        142 00102$:
                                    143 ;	STM8S_StdPeriph_Lib/Libraries/STM8S_StdPeriph_Driver/src/stm8s_clk.c: 134: CLK->ECKR &= (uint8_t)(~CLK_ECKR_HSEEN);
      000057 A4 FE            [ 1]  144 	and	a, #0xfe
      000059 C7 50 C1         [ 1]  145 	ld	0x50c1, a
                                    146 ;	STM8S_StdPeriph_Lib/Libraries/STM8S_StdPeriph_Driver/src/stm8s_clk.c: 136: }
      00005C 81               [ 4]  147 	ret
                                    148 ;	STM8S_StdPeriph_Lib/Libraries/STM8S_StdPeriph_Driver/src/stm8s_clk.c: 143: void CLK_HSICmd(FunctionalState NewState)
                                    149 ;	-----------------------------------------
                                    150 ;	 function CLK_HSICmd
                                    151 ;	-----------------------------------------
      00005D                        152 _CLK_HSICmd:
                                    153 ;	STM8S_StdPeriph_Lib/Libraries/STM8S_StdPeriph_Driver/src/stm8s_clk.c: 151: CLK->ICKR |= CLK_ICKR_HSIEN;
      00005D C6 50 C0         [ 1]  154 	ld	a, 0x50c0
                                    155 ;	STM8S_StdPeriph_Lib/Libraries/STM8S_StdPeriph_Driver/src/stm8s_clk.c: 148: if (NewState != DISABLE)
      000060 0D 03            [ 1]  156 	tnz	(0x03, sp)
      000062 27 06            [ 1]  157 	jreq	00102$
                                    158 ;	STM8S_StdPeriph_Lib/Libraries/STM8S_StdPeriph_Driver/src/stm8s_clk.c: 151: CLK->ICKR |= CLK_ICKR_HSIEN;
      000064 AA 01            [ 1]  159 	or	a, #0x01
      000066 C7 50 C0         [ 1]  160 	ld	0x50c0, a
      000069 81               [ 4]  161 	ret
      00006A                        162 00102$:
                                    163 ;	STM8S_StdPeriph_Lib/Libraries/STM8S_StdPeriph_Driver/src/stm8s_clk.c: 156: CLK->ICKR &= (uint8_t)(~CLK_ICKR_HSIEN);
      00006A A4 FE            [ 1]  164 	and	a, #0xfe
      00006C C7 50 C0         [ 1]  165 	ld	0x50c0, a
                                    166 ;	STM8S_StdPeriph_Lib/Libraries/STM8S_StdPeriph_Driver/src/stm8s_clk.c: 158: }
      00006F 81               [ 4]  167 	ret
                                    168 ;	STM8S_StdPeriph_Lib/Libraries/STM8S_StdPeriph_Driver/src/stm8s_clk.c: 166: void CLK_LSICmd(FunctionalState NewState)
                                    169 ;	-----------------------------------------
                                    170 ;	 function CLK_LSICmd
                                    171 ;	-----------------------------------------
      000070                        172 _CLK_LSICmd:
                                    173 ;	STM8S_StdPeriph_Lib/Libraries/STM8S_StdPeriph_Driver/src/stm8s_clk.c: 174: CLK->ICKR |= CLK_ICKR_LSIEN;
      000070 C6 50 C0         [ 1]  174 	ld	a, 0x50c0
                                    175 ;	STM8S_StdPeriph_Lib/Libraries/STM8S_StdPeriph_Driver/src/stm8s_clk.c: 171: if (NewState != DISABLE)
      000073 0D 03            [ 1]  176 	tnz	(0x03, sp)
      000075 27 06            [ 1]  177 	jreq	00102$
                                    178 ;	STM8S_StdPeriph_Lib/Libraries/STM8S_StdPeriph_Driver/src/stm8s_clk.c: 174: CLK->ICKR |= CLK_ICKR_LSIEN;
      000077 AA 08            [ 1]  179 	or	a, #0x08
      000079 C7 50 C0         [ 1]  180 	ld	0x50c0, a
      00007C 81               [ 4]  181 	ret
      00007D                        182 00102$:
                                    183 ;	STM8S_StdPeriph_Lib/Libraries/STM8S_StdPeriph_Driver/src/stm8s_clk.c: 179: CLK->ICKR &= (uint8_t)(~CLK_ICKR_LSIEN);
      00007D A4 F7            [ 1]  184 	and	a, #0xf7
      00007F C7 50 C0         [ 1]  185 	ld	0x50c0, a
                                    186 ;	STM8S_StdPeriph_Lib/Libraries/STM8S_StdPeriph_Driver/src/stm8s_clk.c: 181: }
      000082 81               [ 4]  187 	ret
                                    188 ;	STM8S_StdPeriph_Lib/Libraries/STM8S_StdPeriph_Driver/src/stm8s_clk.c: 189: void CLK_CCOCmd(FunctionalState NewState)
                                    189 ;	-----------------------------------------
                                    190 ;	 function CLK_CCOCmd
                                    191 ;	-----------------------------------------
      000083                        192 _CLK_CCOCmd:
                                    193 ;	STM8S_StdPeriph_Lib/Libraries/STM8S_StdPeriph_Driver/src/stm8s_clk.c: 197: CLK->CCOR |= CLK_CCOR_CCOEN;
      000083 C6 50 C9         [ 1]  194 	ld	a, 0x50c9
                                    195 ;	STM8S_StdPeriph_Lib/Libraries/STM8S_StdPeriph_Driver/src/stm8s_clk.c: 194: if (NewState != DISABLE)
      000086 0D 03            [ 1]  196 	tnz	(0x03, sp)
      000088 27 06            [ 1]  197 	jreq	00102$
                                    198 ;	STM8S_StdPeriph_Lib/Libraries/STM8S_StdPeriph_Driver/src/stm8s_clk.c: 197: CLK->CCOR |= CLK_CCOR_CCOEN;
      00008A AA 01            [ 1]  199 	or	a, #0x01
      00008C C7 50 C9         [ 1]  200 	ld	0x50c9, a
      00008F 81               [ 4]  201 	ret
      000090                        202 00102$:
                                    203 ;	STM8S_StdPeriph_Lib/Libraries/STM8S_StdPeriph_Driver/src/stm8s_clk.c: 202: CLK->CCOR &= (uint8_t)(~CLK_CCOR_CCOEN);
      000090 A4 FE            [ 1]  204 	and	a, #0xfe
      000092 C7 50 C9         [ 1]  205 	ld	0x50c9, a
                                    206 ;	STM8S_StdPeriph_Lib/Libraries/STM8S_StdPeriph_Driver/src/stm8s_clk.c: 204: }
      000095 81               [ 4]  207 	ret
                                    208 ;	STM8S_StdPeriph_Lib/Libraries/STM8S_StdPeriph_Driver/src/stm8s_clk.c: 213: void CLK_ClockSwitchCmd(FunctionalState NewState)
                                    209 ;	-----------------------------------------
                                    210 ;	 function CLK_ClockSwitchCmd
                                    211 ;	-----------------------------------------
      000096                        212 _CLK_ClockSwitchCmd:
                                    213 ;	STM8S_StdPeriph_Lib/Libraries/STM8S_StdPeriph_Driver/src/stm8s_clk.c: 221: CLK->SWCR |= CLK_SWCR_SWEN;
      000096 C6 50 C5         [ 1]  214 	ld	a, 0x50c5
                                    215 ;	STM8S_StdPeriph_Lib/Libraries/STM8S_StdPeriph_Driver/src/stm8s_clk.c: 218: if (NewState != DISABLE )
      000099 0D 03            [ 1]  216 	tnz	(0x03, sp)
      00009B 27 06            [ 1]  217 	jreq	00102$
                                    218 ;	STM8S_StdPeriph_Lib/Libraries/STM8S_StdPeriph_Driver/src/stm8s_clk.c: 221: CLK->SWCR |= CLK_SWCR_SWEN;
      00009D AA 02            [ 1]  219 	or	a, #0x02
      00009F C7 50 C5         [ 1]  220 	ld	0x50c5, a
      0000A2 81               [ 4]  221 	ret
      0000A3                        222 00102$:
                                    223 ;	STM8S_StdPeriph_Lib/Libraries/STM8S_StdPeriph_Driver/src/stm8s_clk.c: 226: CLK->SWCR &= (uint8_t)(~CLK_SWCR_SWEN);
      0000A3 A4 FD            [ 1]  224 	and	a, #0xfd
      0000A5 C7 50 C5         [ 1]  225 	ld	0x50c5, a
                                    226 ;	STM8S_StdPeriph_Lib/Libraries/STM8S_StdPeriph_Driver/src/stm8s_clk.c: 228: }
      0000A8 81               [ 4]  227 	ret
                                    228 ;	STM8S_StdPeriph_Lib/Libraries/STM8S_StdPeriph_Driver/src/stm8s_clk.c: 238: void CLK_SlowActiveHaltWakeUpCmd(FunctionalState NewState)
                                    229 ;	-----------------------------------------
                                    230 ;	 function CLK_SlowActiveHaltWakeUpCmd
                                    231 ;	-----------------------------------------
      0000A9                        232 _CLK_SlowActiveHaltWakeUpCmd:
                                    233 ;	STM8S_StdPeriph_Lib/Libraries/STM8S_StdPeriph_Driver/src/stm8s_clk.c: 246: CLK->ICKR |= CLK_ICKR_SWUAH;
      0000A9 C6 50 C0         [ 1]  234 	ld	a, 0x50c0
                                    235 ;	STM8S_StdPeriph_Lib/Libraries/STM8S_StdPeriph_Driver/src/stm8s_clk.c: 243: if (NewState != DISABLE)
      0000AC 0D 03            [ 1]  236 	tnz	(0x03, sp)
      0000AE 27 06            [ 1]  237 	jreq	00102$
                                    238 ;	STM8S_StdPeriph_Lib/Libraries/STM8S_StdPeriph_Driver/src/stm8s_clk.c: 246: CLK->ICKR |= CLK_ICKR_SWUAH;
      0000B0 AA 20            [ 1]  239 	or	a, #0x20
      0000B2 C7 50 C0         [ 1]  240 	ld	0x50c0, a
      0000B5 81               [ 4]  241 	ret
      0000B6                        242 00102$:
                                    243 ;	STM8S_StdPeriph_Lib/Libraries/STM8S_StdPeriph_Driver/src/stm8s_clk.c: 251: CLK->ICKR &= (uint8_t)(~CLK_ICKR_SWUAH);
      0000B6 A4 DF            [ 1]  244 	and	a, #0xdf
      0000B8 C7 50 C0         [ 1]  245 	ld	0x50c0, a
                                    246 ;	STM8S_StdPeriph_Lib/Libraries/STM8S_StdPeriph_Driver/src/stm8s_clk.c: 253: }
      0000BB 81               [ 4]  247 	ret
                                    248 ;	STM8S_StdPeriph_Lib/Libraries/STM8S_StdPeriph_Driver/src/stm8s_clk.c: 263: void CLK_PeripheralClockConfig(CLK_Peripheral_TypeDef CLK_Peripheral, FunctionalState NewState)
                                    249 ;	-----------------------------------------
                                    250 ;	 function CLK_PeripheralClockConfig
                                    251 ;	-----------------------------------------
      0000BC                        252 _CLK_PeripheralClockConfig:
      0000BC 52 02            [ 2]  253 	sub	sp, #2
                                    254 ;	STM8S_StdPeriph_Lib/Libraries/STM8S_StdPeriph_Driver/src/stm8s_clk.c: 274: CLK->PCKENR1 |= (uint8_t)((uint8_t)1 << ((uint8_t)CLK_Peripheral & (uint8_t)0x0F));
      0000BE 7B 05            [ 1]  255 	ld	a, (0x05, sp)
      0000C0 A4 0F            [ 1]  256 	and	a, #0x0f
      0000C2 88               [ 1]  257 	push	a
      0000C3 A6 01            [ 1]  258 	ld	a, #0x01
      0000C5 6B 03            [ 1]  259 	ld	(0x03, sp), a
      0000C7 84               [ 1]  260 	pop	a
      0000C8 4D               [ 1]  261 	tnz	a
      0000C9 27 05            [ 1]  262 	jreq	00128$
      0000CB                        263 00127$:
      0000CB 08 02            [ 1]  264 	sll	(0x02, sp)
      0000CD 4A               [ 1]  265 	dec	a
      0000CE 26 FB            [ 1]  266 	jrne	00127$
      0000D0                        267 00128$:
                                    268 ;	STM8S_StdPeriph_Lib/Libraries/STM8S_StdPeriph_Driver/src/stm8s_clk.c: 279: CLK->PCKENR1 &= (uint8_t)(~(uint8_t)(((uint8_t)1 << ((uint8_t)CLK_Peripheral & (uint8_t)0x0F))));
      0000D0 7B 02            [ 1]  269 	ld	a, (0x02, sp)
      0000D2 43               [ 1]  270 	cpl	a
      0000D3 6B 01            [ 1]  271 	ld	(0x01, sp), a
                                    272 ;	STM8S_StdPeriph_Lib/Libraries/STM8S_StdPeriph_Driver/src/stm8s_clk.c: 269: if (((uint8_t)CLK_Peripheral & (uint8_t)0x10) == 0x00)
      0000D5 7B 05            [ 1]  273 	ld	a, (0x05, sp)
      0000D7 A5 10            [ 1]  274 	bcp	a, #0x10
      0000D9 26 15            [ 1]  275 	jrne	00108$
                                    276 ;	STM8S_StdPeriph_Lib/Libraries/STM8S_StdPeriph_Driver/src/stm8s_clk.c: 274: CLK->PCKENR1 |= (uint8_t)((uint8_t)1 << ((uint8_t)CLK_Peripheral & (uint8_t)0x0F));
      0000DB C6 50 C7         [ 1]  277 	ld	a, 0x50c7
                                    278 ;	STM8S_StdPeriph_Lib/Libraries/STM8S_StdPeriph_Driver/src/stm8s_clk.c: 271: if (NewState != DISABLE)
      0000DE 0D 06            [ 1]  279 	tnz	(0x06, sp)
      0000E0 27 07            [ 1]  280 	jreq	00102$
                                    281 ;	STM8S_StdPeriph_Lib/Libraries/STM8S_StdPeriph_Driver/src/stm8s_clk.c: 274: CLK->PCKENR1 |= (uint8_t)((uint8_t)1 << ((uint8_t)CLK_Peripheral & (uint8_t)0x0F));
      0000E2 1A 02            [ 1]  282 	or	a, (0x02, sp)
      0000E4 C7 50 C7         [ 1]  283 	ld	0x50c7, a
      0000E7 20 1A            [ 2]  284 	jra	00110$
      0000E9                        285 00102$:
                                    286 ;	STM8S_StdPeriph_Lib/Libraries/STM8S_StdPeriph_Driver/src/stm8s_clk.c: 279: CLK->PCKENR1 &= (uint8_t)(~(uint8_t)(((uint8_t)1 << ((uint8_t)CLK_Peripheral & (uint8_t)0x0F))));
      0000E9 14 01            [ 1]  287 	and	a, (0x01, sp)
      0000EB C7 50 C7         [ 1]  288 	ld	0x50c7, a
      0000EE 20 13            [ 2]  289 	jra	00110$
      0000F0                        290 00108$:
                                    291 ;	STM8S_StdPeriph_Lib/Libraries/STM8S_StdPeriph_Driver/src/stm8s_clk.c: 287: CLK->PCKENR2 |= (uint8_t)((uint8_t)1 << ((uint8_t)CLK_Peripheral & (uint8_t)0x0F));
      0000F0 C6 50 CA         [ 1]  292 	ld	a, 0x50ca
                                    293 ;	STM8S_StdPeriph_Lib/Libraries/STM8S_StdPeriph_Driver/src/stm8s_clk.c: 284: if (NewState != DISABLE)
      0000F3 0D 06            [ 1]  294 	tnz	(0x06, sp)
      0000F5 27 07            [ 1]  295 	jreq	00105$
                                    296 ;	STM8S_StdPeriph_Lib/Libraries/STM8S_StdPeriph_Driver/src/stm8s_clk.c: 287: CLK->PCKENR2 |= (uint8_t)((uint8_t)1 << ((uint8_t)CLK_Peripheral & (uint8_t)0x0F));
      0000F7 1A 02            [ 1]  297 	or	a, (0x02, sp)
      0000F9 C7 50 CA         [ 1]  298 	ld	0x50ca, a
      0000FC 20 05            [ 2]  299 	jra	00110$
      0000FE                        300 00105$:
                                    301 ;	STM8S_StdPeriph_Lib/Libraries/STM8S_StdPeriph_Driver/src/stm8s_clk.c: 292: CLK->PCKENR2 &= (uint8_t)(~(uint8_t)(((uint8_t)1 << ((uint8_t)CLK_Peripheral & (uint8_t)0x0F))));
      0000FE 14 01            [ 1]  302 	and	a, (0x01, sp)
      000100 C7 50 CA         [ 1]  303 	ld	0x50ca, a
      000103                        304 00110$:
                                    305 ;	STM8S_StdPeriph_Lib/Libraries/STM8S_StdPeriph_Driver/src/stm8s_clk.c: 295: }
      000103 5B 02            [ 2]  306 	addw	sp, #2
      000105 81               [ 4]  307 	ret
                                    308 ;	STM8S_StdPeriph_Lib/Libraries/STM8S_StdPeriph_Driver/src/stm8s_clk.c: 309: ErrorStatus CLK_ClockSwitchConfig(CLK_SwitchMode_TypeDef CLK_SwitchMode, CLK_Source_TypeDef CLK_NewClock, FunctionalState ITState, CLK_CurrentClockState_TypeDef CLK_CurrentClockState)
                                    309 ;	-----------------------------------------
                                    310 ;	 function CLK_ClockSwitchConfig
                                    311 ;	-----------------------------------------
      000106                        312 _CLK_ClockSwitchConfig:
                                    313 ;	STM8S_StdPeriph_Lib/Libraries/STM8S_StdPeriph_Driver/src/stm8s_clk.c: 322: clock_master = (CLK_Source_TypeDef)CLK->CMSR;
      000106 C6 50 C3         [ 1]  314 	ld	a, 0x50c3
      000109 90 97            [ 1]  315 	ld	yl, a
                                    316 ;	STM8S_StdPeriph_Lib/Libraries/STM8S_StdPeriph_Driver/src/stm8s_clk.c: 328: CLK->SWCR |= CLK_SWCR_SWEN;
      00010B C6 50 C5         [ 1]  317 	ld	a, 0x50c5
                                    318 ;	STM8S_StdPeriph_Lib/Libraries/STM8S_StdPeriph_Driver/src/stm8s_clk.c: 325: if (CLK_SwitchMode == CLK_SWITCHMODE_AUTO)
      00010E 88               [ 1]  319 	push	a
      00010F 7B 04            [ 1]  320 	ld	a, (0x04, sp)
      000111 4A               [ 1]  321 	dec	a
      000112 84               [ 1]  322 	pop	a
      000113 26 38            [ 1]  323 	jrne	00122$
                                    324 ;	STM8S_StdPeriph_Lib/Libraries/STM8S_StdPeriph_Driver/src/stm8s_clk.c: 328: CLK->SWCR |= CLK_SWCR_SWEN;
      000115 AA 02            [ 1]  325 	or	a, #0x02
      000117 C7 50 C5         [ 1]  326 	ld	0x50c5, a
      00011A C6 50 C5         [ 1]  327 	ld	a, 0x50c5
                                    328 ;	STM8S_StdPeriph_Lib/Libraries/STM8S_StdPeriph_Driver/src/stm8s_clk.c: 331: if (ITState != DISABLE)
      00011D 0D 05            [ 1]  329 	tnz	(0x05, sp)
      00011F 27 07            [ 1]  330 	jreq	00102$
                                    331 ;	STM8S_StdPeriph_Lib/Libraries/STM8S_StdPeriph_Driver/src/stm8s_clk.c: 333: CLK->SWCR |= CLK_SWCR_SWIEN;
      000121 AA 04            [ 1]  332 	or	a, #0x04
      000123 C7 50 C5         [ 1]  333 	ld	0x50c5, a
      000126 20 05            [ 2]  334 	jra	00103$
      000128                        335 00102$:
                                    336 ;	STM8S_StdPeriph_Lib/Libraries/STM8S_StdPeriph_Driver/src/stm8s_clk.c: 337: CLK->SWCR &= (uint8_t)(~CLK_SWCR_SWIEN);
      000128 A4 FB            [ 1]  337 	and	a, #0xfb
      00012A C7 50 C5         [ 1]  338 	ld	0x50c5, a
      00012D                        339 00103$:
                                    340 ;	STM8S_StdPeriph_Lib/Libraries/STM8S_StdPeriph_Driver/src/stm8s_clk.c: 341: CLK->SWR = (uint8_t)CLK_NewClock;
      00012D AE 50 C4         [ 2]  341 	ldw	x, #0x50c4
      000130 7B 04            [ 1]  342 	ld	a, (0x04, sp)
      000132 F7               [ 1]  343 	ld	(x), a
                                    344 ;	STM8S_StdPeriph_Lib/Libraries/STM8S_StdPeriph_Driver/src/stm8s_clk.c: 344: while((((CLK->SWCR & CLK_SWCR_SWBSY) != 0 )&& (DownCounter != 0)))
      000133 5F               [ 1]  345 	clrw	x
      000134 5A               [ 2]  346 	decw	x
      000135                        347 00105$:
      000135 C6 50 C5         [ 1]  348 	ld	a, 0x50c5
      000138 44               [ 1]  349 	srl	a
      000139 24 06            [ 1]  350 	jrnc	00107$
      00013B 5D               [ 2]  351 	tnzw	x
      00013C 27 03            [ 1]  352 	jreq	00107$
                                    353 ;	STM8S_StdPeriph_Lib/Libraries/STM8S_StdPeriph_Driver/src/stm8s_clk.c: 346: DownCounter--;
      00013E 5A               [ 2]  354 	decw	x
      00013F 20 F4            [ 2]  355 	jra	00105$
      000141                        356 00107$:
                                    357 ;	STM8S_StdPeriph_Lib/Libraries/STM8S_StdPeriph_Driver/src/stm8s_clk.c: 349: if(DownCounter != 0)
      000141 5D               [ 2]  358 	tnzw	x
      000142 27 05            [ 1]  359 	jreq	00109$
                                    360 ;	STM8S_StdPeriph_Lib/Libraries/STM8S_StdPeriph_Driver/src/stm8s_clk.c: 351: Swif = SUCCESS;
      000144 A6 01            [ 1]  361 	ld	a, #0x01
      000146 97               [ 1]  362 	ld	xl, a
      000147 20 37            [ 2]  363 	jra	00123$
      000149                        364 00109$:
                                    365 ;	STM8S_StdPeriph_Lib/Libraries/STM8S_StdPeriph_Driver/src/stm8s_clk.c: 355: Swif = ERROR;
      000149 4F               [ 1]  366 	clr	a
      00014A 97               [ 1]  367 	ld	xl, a
      00014B 20 33            [ 2]  368 	jra	00123$
      00014D                        369 00122$:
                                    370 ;	STM8S_StdPeriph_Lib/Libraries/STM8S_StdPeriph_Driver/src/stm8s_clk.c: 361: if (ITState != DISABLE)
      00014D 0D 05            [ 1]  371 	tnz	(0x05, sp)
      00014F 27 07            [ 1]  372 	jreq	00112$
                                    373 ;	STM8S_StdPeriph_Lib/Libraries/STM8S_StdPeriph_Driver/src/stm8s_clk.c: 363: CLK->SWCR |= CLK_SWCR_SWIEN;
      000151 AA 04            [ 1]  374 	or	a, #0x04
      000153 C7 50 C5         [ 1]  375 	ld	0x50c5, a
      000156 20 05            [ 2]  376 	jra	00113$
      000158                        377 00112$:
                                    378 ;	STM8S_StdPeriph_Lib/Libraries/STM8S_StdPeriph_Driver/src/stm8s_clk.c: 367: CLK->SWCR &= (uint8_t)(~CLK_SWCR_SWIEN);
      000158 A4 FB            [ 1]  379 	and	a, #0xfb
      00015A C7 50 C5         [ 1]  380 	ld	0x50c5, a
      00015D                        381 00113$:
                                    382 ;	STM8S_StdPeriph_Lib/Libraries/STM8S_StdPeriph_Driver/src/stm8s_clk.c: 371: CLK->SWR = (uint8_t)CLK_NewClock;
      00015D AE 50 C4         [ 2]  383 	ldw	x, #0x50c4
      000160 7B 04            [ 1]  384 	ld	a, (0x04, sp)
      000162 F7               [ 1]  385 	ld	(x), a
                                    386 ;	STM8S_StdPeriph_Lib/Libraries/STM8S_StdPeriph_Driver/src/stm8s_clk.c: 374: while((((CLK->SWCR & CLK_SWCR_SWIF) != 0 ) && (DownCounter != 0)))
      000163 5F               [ 1]  387 	clrw	x
      000164 5A               [ 2]  388 	decw	x
      000165                        389 00115$:
      000165 C6 50 C5         [ 1]  390 	ld	a, 0x50c5
      000168 A5 08            [ 1]  391 	bcp	a, #0x08
      00016A 27 06            [ 1]  392 	jreq	00117$
      00016C 5D               [ 2]  393 	tnzw	x
      00016D 27 03            [ 1]  394 	jreq	00117$
                                    395 ;	STM8S_StdPeriph_Lib/Libraries/STM8S_StdPeriph_Driver/src/stm8s_clk.c: 376: DownCounter--;
      00016F 5A               [ 2]  396 	decw	x
      000170 20 F3            [ 2]  397 	jra	00115$
      000172                        398 00117$:
                                    399 ;	STM8S_StdPeriph_Lib/Libraries/STM8S_StdPeriph_Driver/src/stm8s_clk.c: 379: if(DownCounter != 0)
      000172 5D               [ 2]  400 	tnzw	x
      000173 27 09            [ 1]  401 	jreq	00119$
                                    402 ;	STM8S_StdPeriph_Lib/Libraries/STM8S_StdPeriph_Driver/src/stm8s_clk.c: 382: CLK->SWCR |= CLK_SWCR_SWEN;
      000175 72 12 50 C5      [ 1]  403 	bset	20677, #1
                                    404 ;	STM8S_StdPeriph_Lib/Libraries/STM8S_StdPeriph_Driver/src/stm8s_clk.c: 383: Swif = SUCCESS;
      000179 A6 01            [ 1]  405 	ld	a, #0x01
      00017B 97               [ 1]  406 	ld	xl, a
      00017C 20 02            [ 2]  407 	jra	00123$
      00017E                        408 00119$:
                                    409 ;	STM8S_StdPeriph_Lib/Libraries/STM8S_StdPeriph_Driver/src/stm8s_clk.c: 387: Swif = ERROR;
      00017E 4F               [ 1]  410 	clr	a
      00017F 97               [ 1]  411 	ld	xl, a
      000180                        412 00123$:
                                    413 ;	STM8S_StdPeriph_Lib/Libraries/STM8S_StdPeriph_Driver/src/stm8s_clk.c: 390: if(Swif != ERROR)
      000180 9F               [ 1]  414 	ld	a, xl
      000181 4D               [ 1]  415 	tnz	a
      000182 27 2E            [ 1]  416 	jreq	00136$
                                    417 ;	STM8S_StdPeriph_Lib/Libraries/STM8S_StdPeriph_Driver/src/stm8s_clk.c: 393: if((CLK_CurrentClockState == CLK_CURRENTCLOCKSTATE_DISABLE) && ( clock_master == CLK_SOURCE_HSI))
      000184 0D 06            [ 1]  418 	tnz	(0x06, sp)
      000186 26 0C            [ 1]  419 	jrne	00132$
      000188 90 9F            [ 1]  420 	ld	a, yl
      00018A A1 E1            [ 1]  421 	cp	a, #0xe1
      00018C 26 06            [ 1]  422 	jrne	00132$
                                    423 ;	STM8S_StdPeriph_Lib/Libraries/STM8S_StdPeriph_Driver/src/stm8s_clk.c: 395: CLK->ICKR &= (uint8_t)(~CLK_ICKR_HSIEN);
      00018E 72 11 50 C0      [ 1]  424 	bres	20672, #0
      000192 20 1E            [ 2]  425 	jra	00136$
      000194                        426 00132$:
                                    427 ;	STM8S_StdPeriph_Lib/Libraries/STM8S_StdPeriph_Driver/src/stm8s_clk.c: 397: else if((CLK_CurrentClockState == CLK_CURRENTCLOCKSTATE_DISABLE) && ( clock_master == CLK_SOURCE_LSI))
      000194 0D 06            [ 1]  428 	tnz	(0x06, sp)
      000196 26 0C            [ 1]  429 	jrne	00128$
      000198 90 9F            [ 1]  430 	ld	a, yl
      00019A A1 D2            [ 1]  431 	cp	a, #0xd2
      00019C 26 06            [ 1]  432 	jrne	00128$
                                    433 ;	STM8S_StdPeriph_Lib/Libraries/STM8S_StdPeriph_Driver/src/stm8s_clk.c: 399: CLK->ICKR &= (uint8_t)(~CLK_ICKR_LSIEN);
      00019E 72 17 50 C0      [ 1]  434 	bres	20672, #3
      0001A2 20 0E            [ 2]  435 	jra	00136$
      0001A4                        436 00128$:
                                    437 ;	STM8S_StdPeriph_Lib/Libraries/STM8S_StdPeriph_Driver/src/stm8s_clk.c: 401: else if ((CLK_CurrentClockState == CLK_CURRENTCLOCKSTATE_DISABLE) && ( clock_master == CLK_SOURCE_HSE))
      0001A4 0D 06            [ 1]  438 	tnz	(0x06, sp)
      0001A6 26 0A            [ 1]  439 	jrne	00136$
      0001A8 90 9F            [ 1]  440 	ld	a, yl
      0001AA A1 B4            [ 1]  441 	cp	a, #0xb4
      0001AC 26 04            [ 1]  442 	jrne	00136$
                                    443 ;	STM8S_StdPeriph_Lib/Libraries/STM8S_StdPeriph_Driver/src/stm8s_clk.c: 403: CLK->ECKR &= (uint8_t)(~CLK_ECKR_HSEEN);
      0001AE 72 11 50 C1      [ 1]  444 	bres	20673, #0
      0001B2                        445 00136$:
                                    446 ;	STM8S_StdPeriph_Lib/Libraries/STM8S_StdPeriph_Driver/src/stm8s_clk.c: 406: return(Swif);
      0001B2 9F               [ 1]  447 	ld	a, xl
                                    448 ;	STM8S_StdPeriph_Lib/Libraries/STM8S_StdPeriph_Driver/src/stm8s_clk.c: 407: }
      0001B3 81               [ 4]  449 	ret
                                    450 ;	STM8S_StdPeriph_Lib/Libraries/STM8S_StdPeriph_Driver/src/stm8s_clk.c: 415: void CLK_HSIPrescalerConfig(CLK_Prescaler_TypeDef HSIPrescaler)
                                    451 ;	-----------------------------------------
                                    452 ;	 function CLK_HSIPrescalerConfig
                                    453 ;	-----------------------------------------
      0001B4                        454 _CLK_HSIPrescalerConfig:
                                    455 ;	STM8S_StdPeriph_Lib/Libraries/STM8S_StdPeriph_Driver/src/stm8s_clk.c: 421: CLK->CKDIVR &= (uint8_t)(~CLK_CKDIVR_HSIDIV);
      0001B4 C6 50 C6         [ 1]  456 	ld	a, 0x50c6
      0001B7 A4 E7            [ 1]  457 	and	a, #0xe7
      0001B9 C7 50 C6         [ 1]  458 	ld	0x50c6, a
                                    459 ;	STM8S_StdPeriph_Lib/Libraries/STM8S_StdPeriph_Driver/src/stm8s_clk.c: 424: CLK->CKDIVR |= (uint8_t)HSIPrescaler;
      0001BC C6 50 C6         [ 1]  460 	ld	a, 0x50c6
      0001BF 1A 03            [ 1]  461 	or	a, (0x03, sp)
      0001C1 C7 50 C6         [ 1]  462 	ld	0x50c6, a
                                    463 ;	STM8S_StdPeriph_Lib/Libraries/STM8S_StdPeriph_Driver/src/stm8s_clk.c: 425: }
      0001C4 81               [ 4]  464 	ret
                                    465 ;	STM8S_StdPeriph_Lib/Libraries/STM8S_StdPeriph_Driver/src/stm8s_clk.c: 436: void CLK_CCOConfig(CLK_Output_TypeDef CLK_CCO)
                                    466 ;	-----------------------------------------
                                    467 ;	 function CLK_CCOConfig
                                    468 ;	-----------------------------------------
      0001C5                        469 _CLK_CCOConfig:
                                    470 ;	STM8S_StdPeriph_Lib/Libraries/STM8S_StdPeriph_Driver/src/stm8s_clk.c: 442: CLK->CCOR &= (uint8_t)(~CLK_CCOR_CCOSEL);
      0001C5 C6 50 C9         [ 1]  471 	ld	a, 0x50c9
      0001C8 A4 E1            [ 1]  472 	and	a, #0xe1
      0001CA C7 50 C9         [ 1]  473 	ld	0x50c9, a
                                    474 ;	STM8S_StdPeriph_Lib/Libraries/STM8S_StdPeriph_Driver/src/stm8s_clk.c: 445: CLK->CCOR |= (uint8_t)CLK_CCO;
      0001CD C6 50 C9         [ 1]  475 	ld	a, 0x50c9
      0001D0 1A 03            [ 1]  476 	or	a, (0x03, sp)
      0001D2 C7 50 C9         [ 1]  477 	ld	0x50c9, a
                                    478 ;	STM8S_StdPeriph_Lib/Libraries/STM8S_StdPeriph_Driver/src/stm8s_clk.c: 448: CLK->CCOR |= CLK_CCOR_CCOEN;
      0001D5 72 10 50 C9      [ 1]  479 	bset	20681, #0
                                    480 ;	STM8S_StdPeriph_Lib/Libraries/STM8S_StdPeriph_Driver/src/stm8s_clk.c: 449: }
      0001D9 81               [ 4]  481 	ret
                                    482 ;	STM8S_StdPeriph_Lib/Libraries/STM8S_StdPeriph_Driver/src/stm8s_clk.c: 459: void CLK_ITConfig(CLK_IT_TypeDef CLK_IT, FunctionalState NewState)
                                    483 ;	-----------------------------------------
                                    484 ;	 function CLK_ITConfig
                                    485 ;	-----------------------------------------
      0001DA                        486 _CLK_ITConfig:
      0001DA 88               [ 1]  487 	push	a
                                    488 ;	STM8S_StdPeriph_Lib/Libraries/STM8S_StdPeriph_Driver/src/stm8s_clk.c: 467: switch (CLK_IT)
      0001DB 7B 04            [ 1]  489 	ld	a, (0x04, sp)
      0001DD A0 0C            [ 1]  490 	sub	a, #0x0c
      0001DF 26 04            [ 1]  491 	jrne	00140$
      0001E1 4C               [ 1]  492 	inc	a
      0001E2 6B 01            [ 1]  493 	ld	(0x01, sp), a
      0001E4 C1                     494 	.byte 0xc1
      0001E5                        495 00140$:
      0001E5 0F 01            [ 1]  496 	clr	(0x01, sp)
      0001E7                        497 00141$:
      0001E7 7B 04            [ 1]  498 	ld	a, (0x04, sp)
      0001E9 A0 1C            [ 1]  499 	sub	a, #0x1c
      0001EB 26 02            [ 1]  500 	jrne	00143$
      0001ED 4C               [ 1]  501 	inc	a
      0001EE 21                     502 	.byte 0x21
      0001EF                        503 00143$:
      0001EF 4F               [ 1]  504 	clr	a
      0001F0                        505 00144$:
                                    506 ;	STM8S_StdPeriph_Lib/Libraries/STM8S_StdPeriph_Driver/src/stm8s_clk.c: 465: if (NewState != DISABLE)
      0001F0 0D 05            [ 1]  507 	tnz	(0x05, sp)
      0001F2 27 13            [ 1]  508 	jreq	00110$
                                    509 ;	STM8S_StdPeriph_Lib/Libraries/STM8S_StdPeriph_Driver/src/stm8s_clk.c: 467: switch (CLK_IT)
      0001F4 0D 01            [ 1]  510 	tnz	(0x01, sp)
      0001F6 26 09            [ 1]  511 	jrne	00102$
      0001F8 4D               [ 1]  512 	tnz	a
      0001F9 27 1D            [ 1]  513 	jreq	00112$
                                    514 ;	STM8S_StdPeriph_Lib/Libraries/STM8S_StdPeriph_Driver/src/stm8s_clk.c: 470: CLK->SWCR |= CLK_SWCR_SWIEN;
      0001FB 72 14 50 C5      [ 1]  515 	bset	20677, #2
                                    516 ;	STM8S_StdPeriph_Lib/Libraries/STM8S_StdPeriph_Driver/src/stm8s_clk.c: 471: break;
      0001FF 20 17            [ 2]  517 	jra	00112$
                                    518 ;	STM8S_StdPeriph_Lib/Libraries/STM8S_StdPeriph_Driver/src/stm8s_clk.c: 472: case CLK_IT_CSSD: /* Enable the clock security system detection interrupt */
      000201                        519 00102$:
                                    520 ;	STM8S_StdPeriph_Lib/Libraries/STM8S_StdPeriph_Driver/src/stm8s_clk.c: 473: CLK->CSSR |= CLK_CSSR_CSSDIE;
      000201 72 14 50 C8      [ 1]  521 	bset	20680, #2
                                    522 ;	STM8S_StdPeriph_Lib/Libraries/STM8S_StdPeriph_Driver/src/stm8s_clk.c: 474: break;
      000205 20 11            [ 2]  523 	jra	00112$
                                    524 ;	STM8S_StdPeriph_Lib/Libraries/STM8S_StdPeriph_Driver/src/stm8s_clk.c: 477: }
      000207                        525 00110$:
                                    526 ;	STM8S_StdPeriph_Lib/Libraries/STM8S_StdPeriph_Driver/src/stm8s_clk.c: 481: switch (CLK_IT)
      000207 0D 01            [ 1]  527 	tnz	(0x01, sp)
      000209 26 09            [ 1]  528 	jrne	00106$
      00020B 4D               [ 1]  529 	tnz	a
      00020C 27 0A            [ 1]  530 	jreq	00112$
                                    531 ;	STM8S_StdPeriph_Lib/Libraries/STM8S_StdPeriph_Driver/src/stm8s_clk.c: 484: CLK->SWCR  &= (uint8_t)(~CLK_SWCR_SWIEN);
      00020E 72 15 50 C5      [ 1]  532 	bres	20677, #2
                                    533 ;	STM8S_StdPeriph_Lib/Libraries/STM8S_StdPeriph_Driver/src/stm8s_clk.c: 485: break;
      000212 20 04            [ 2]  534 	jra	00112$
                                    535 ;	STM8S_StdPeriph_Lib/Libraries/STM8S_StdPeriph_Driver/src/stm8s_clk.c: 486: case CLK_IT_CSSD: /* Disable the clock security system detection interrupt */
      000214                        536 00106$:
                                    537 ;	STM8S_StdPeriph_Lib/Libraries/STM8S_StdPeriph_Driver/src/stm8s_clk.c: 487: CLK->CSSR &= (uint8_t)(~CLK_CSSR_CSSDIE);
      000214 72 15 50 C8      [ 1]  538 	bres	20680, #2
                                    539 ;	STM8S_StdPeriph_Lib/Libraries/STM8S_StdPeriph_Driver/src/stm8s_clk.c: 491: }
      000218                        540 00112$:
                                    541 ;	STM8S_StdPeriph_Lib/Libraries/STM8S_StdPeriph_Driver/src/stm8s_clk.c: 493: }
      000218 84               [ 1]  542 	pop	a
      000219 81               [ 4]  543 	ret
                                    544 ;	STM8S_StdPeriph_Lib/Libraries/STM8S_StdPeriph_Driver/src/stm8s_clk.c: 500: void CLK_SYSCLKConfig(CLK_Prescaler_TypeDef CLK_Prescaler)
                                    545 ;	-----------------------------------------
                                    546 ;	 function CLK_SYSCLKConfig
                                    547 ;	-----------------------------------------
      00021A                        548 _CLK_SYSCLKConfig:
      00021A 52 02            [ 2]  549 	sub	sp, #2
                                    550 ;	STM8S_StdPeriph_Lib/Libraries/STM8S_StdPeriph_Driver/src/stm8s_clk.c: 507: CLK->CKDIVR &= (uint8_t)(~CLK_CKDIVR_HSIDIV);
      00021C C6 50 C6         [ 1]  551 	ld	a, 0x50c6
                                    552 ;	STM8S_StdPeriph_Lib/Libraries/STM8S_StdPeriph_Driver/src/stm8s_clk.c: 505: if (((uint8_t)CLK_Prescaler & (uint8_t)0x80) == 0x00) /* Bit7 = 0 means HSI divider */
      00021F 0D 05            [ 1]  553 	tnz	(0x05, sp)
      000221 2B 15            [ 1]  554 	jrmi	00102$
                                    555 ;	STM8S_StdPeriph_Lib/Libraries/STM8S_StdPeriph_Driver/src/stm8s_clk.c: 507: CLK->CKDIVR &= (uint8_t)(~CLK_CKDIVR_HSIDIV);
      000223 A4 E7            [ 1]  556 	and	a, #0xe7
      000225 C7 50 C6         [ 1]  557 	ld	0x50c6, a
                                    558 ;	STM8S_StdPeriph_Lib/Libraries/STM8S_StdPeriph_Driver/src/stm8s_clk.c: 508: CLK->CKDIVR |= (uint8_t)((uint8_t)CLK_Prescaler & (uint8_t)CLK_CKDIVR_HSIDIV);
      000228 C6 50 C6         [ 1]  559 	ld	a, 0x50c6
      00022B 6B 02            [ 1]  560 	ld	(0x02, sp), a
      00022D 7B 05            [ 1]  561 	ld	a, (0x05, sp)
      00022F A4 18            [ 1]  562 	and	a, #0x18
      000231 1A 02            [ 1]  563 	or	a, (0x02, sp)
      000233 C7 50 C6         [ 1]  564 	ld	0x50c6, a
      000236 20 13            [ 2]  565 	jra	00104$
      000238                        566 00102$:
                                    567 ;	STM8S_StdPeriph_Lib/Libraries/STM8S_StdPeriph_Driver/src/stm8s_clk.c: 512: CLK->CKDIVR &= (uint8_t)(~CLK_CKDIVR_CPUDIV);
      000238 A4 F8            [ 1]  568 	and	a, #0xf8
      00023A C7 50 C6         [ 1]  569 	ld	0x50c6, a
                                    570 ;	STM8S_StdPeriph_Lib/Libraries/STM8S_StdPeriph_Driver/src/stm8s_clk.c: 513: CLK->CKDIVR |= (uint8_t)((uint8_t)CLK_Prescaler & (uint8_t)CLK_CKDIVR_CPUDIV);
      00023D C6 50 C6         [ 1]  571 	ld	a, 0x50c6
      000240 6B 01            [ 1]  572 	ld	(0x01, sp), a
      000242 7B 05            [ 1]  573 	ld	a, (0x05, sp)
      000244 A4 07            [ 1]  574 	and	a, #0x07
      000246 1A 01            [ 1]  575 	or	a, (0x01, sp)
      000248 C7 50 C6         [ 1]  576 	ld	0x50c6, a
      00024B                        577 00104$:
                                    578 ;	STM8S_StdPeriph_Lib/Libraries/STM8S_StdPeriph_Driver/src/stm8s_clk.c: 515: }
      00024B 5B 02            [ 2]  579 	addw	sp, #2
      00024D 81               [ 4]  580 	ret
                                    581 ;	STM8S_StdPeriph_Lib/Libraries/STM8S_StdPeriph_Driver/src/stm8s_clk.c: 523: void CLK_SWIMConfig(CLK_SWIMDivider_TypeDef CLK_SWIMDivider)
                                    582 ;	-----------------------------------------
                                    583 ;	 function CLK_SWIMConfig
                                    584 ;	-----------------------------------------
      00024E                        585 _CLK_SWIMConfig:
                                    586 ;	STM8S_StdPeriph_Lib/Libraries/STM8S_StdPeriph_Driver/src/stm8s_clk.c: 531: CLK->SWIMCCR |= CLK_SWIMCCR_SWIMDIV;
      00024E C6 50 CD         [ 1]  587 	ld	a, 0x50cd
                                    588 ;	STM8S_StdPeriph_Lib/Libraries/STM8S_StdPeriph_Driver/src/stm8s_clk.c: 528: if (CLK_SWIMDivider != CLK_SWIMDIVIDER_2)
      000251 0D 03            [ 1]  589 	tnz	(0x03, sp)
      000253 27 06            [ 1]  590 	jreq	00102$
                                    591 ;	STM8S_StdPeriph_Lib/Libraries/STM8S_StdPeriph_Driver/src/stm8s_clk.c: 531: CLK->SWIMCCR |= CLK_SWIMCCR_SWIMDIV;
      000255 AA 01            [ 1]  592 	or	a, #0x01
      000257 C7 50 CD         [ 1]  593 	ld	0x50cd, a
      00025A 81               [ 4]  594 	ret
      00025B                        595 00102$:
                                    596 ;	STM8S_StdPeriph_Lib/Libraries/STM8S_StdPeriph_Driver/src/stm8s_clk.c: 536: CLK->SWIMCCR &= (uint8_t)(~CLK_SWIMCCR_SWIMDIV);
      00025B A4 FE            [ 1]  597 	and	a, #0xfe
      00025D C7 50 CD         [ 1]  598 	ld	0x50cd, a
                                    599 ;	STM8S_StdPeriph_Lib/Libraries/STM8S_StdPeriph_Driver/src/stm8s_clk.c: 538: }
      000260 81               [ 4]  600 	ret
                                    601 ;	STM8S_StdPeriph_Lib/Libraries/STM8S_StdPeriph_Driver/src/stm8s_clk.c: 547: void CLK_ClockSecuritySystemEnable(void)
                                    602 ;	-----------------------------------------
                                    603 ;	 function CLK_ClockSecuritySystemEnable
                                    604 ;	-----------------------------------------
      000261                        605 _CLK_ClockSecuritySystemEnable:
                                    606 ;	STM8S_StdPeriph_Lib/Libraries/STM8S_StdPeriph_Driver/src/stm8s_clk.c: 550: CLK->CSSR |= CLK_CSSR_CSSEN;
      000261 72 10 50 C8      [ 1]  607 	bset	20680, #0
                                    608 ;	STM8S_StdPeriph_Lib/Libraries/STM8S_StdPeriph_Driver/src/stm8s_clk.c: 551: }
      000265 81               [ 4]  609 	ret
                                    610 ;	STM8S_StdPeriph_Lib/Libraries/STM8S_StdPeriph_Driver/src/stm8s_clk.c: 559: CLK_Source_TypeDef CLK_GetSYSCLKSource(void)
                                    611 ;	-----------------------------------------
                                    612 ;	 function CLK_GetSYSCLKSource
                                    613 ;	-----------------------------------------
      000266                        614 _CLK_GetSYSCLKSource:
                                    615 ;	STM8S_StdPeriph_Lib/Libraries/STM8S_StdPeriph_Driver/src/stm8s_clk.c: 561: return((CLK_Source_TypeDef)CLK->CMSR);
      000266 C6 50 C3         [ 1]  616 	ld	a, 0x50c3
                                    617 ;	STM8S_StdPeriph_Lib/Libraries/STM8S_StdPeriph_Driver/src/stm8s_clk.c: 562: }
      000269 81               [ 4]  618 	ret
                                    619 ;	STM8S_StdPeriph_Lib/Libraries/STM8S_StdPeriph_Driver/src/stm8s_clk.c: 570: uint32_t CLK_GetClockFreq(void)
                                    620 ;	-----------------------------------------
                                    621 ;	 function CLK_GetClockFreq
                                    622 ;	-----------------------------------------
      00026A                        623 _CLK_GetClockFreq:
      00026A 52 05            [ 2]  624 	sub	sp, #5
                                    625 ;	STM8S_StdPeriph_Lib/Libraries/STM8S_StdPeriph_Driver/src/stm8s_clk.c: 577: clocksource = (CLK_Source_TypeDef)CLK->CMSR;
      00026C C6 50 C3         [ 1]  626 	ld	a, 0x50c3
      00026F 6B 01            [ 1]  627 	ld	(0x01, sp), a
                                    628 ;	STM8S_StdPeriph_Lib/Libraries/STM8S_StdPeriph_Driver/src/stm8s_clk.c: 579: if (clocksource == CLK_SOURCE_HSI)
      000271 7B 01            [ 1]  629 	ld	a, (0x01, sp)
      000273 A1 E1            [ 1]  630 	cp	a, #0xe1
      000275 26 26            [ 1]  631 	jrne	00105$
                                    632 ;	STM8S_StdPeriph_Lib/Libraries/STM8S_StdPeriph_Driver/src/stm8s_clk.c: 581: tmp = (uint8_t)(CLK->CKDIVR & CLK_CKDIVR_HSIDIV);
      000277 C6 50 C6         [ 1]  633 	ld	a, 0x50c6
      00027A A4 18            [ 1]  634 	and	a, #0x18
                                    635 ;	STM8S_StdPeriph_Lib/Libraries/STM8S_StdPeriph_Driver/src/stm8s_clk.c: 582: tmp = (uint8_t)(tmp >> 3);
      00027C 44               [ 1]  636 	srl	a
      00027D 44               [ 1]  637 	srl	a
      00027E 44               [ 1]  638 	srl	a
                                    639 ;	STM8S_StdPeriph_Lib/Libraries/STM8S_StdPeriph_Driver/src/stm8s_clk.c: 583: presc = HSIDivFactor[tmp];
      00027F 5F               [ 1]  640 	clrw	x
      000280 97               [ 1]  641 	ld	xl, a
      000281 1Cr00r00         [ 2]  642 	addw	x, #_HSIDivFactor
      000284 F6               [ 1]  643 	ld	a, (x)
                                    644 ;	STM8S_StdPeriph_Lib/Libraries/STM8S_StdPeriph_Driver/src/stm8s_clk.c: 584: clockfrequency = HSI_VALUE / presc;
      000285 5F               [ 1]  645 	clrw	x
      000286 97               [ 1]  646 	ld	xl, a
      000287 90 5F            [ 1]  647 	clrw	y
      000289 89               [ 2]  648 	pushw	x
      00028A 90 89            [ 2]  649 	pushw	y
      00028C 4B 00            [ 1]  650 	push	#0x00
      00028E 4B 24            [ 1]  651 	push	#0x24
      000290 4B F4            [ 1]  652 	push	#0xf4
      000292 4B 00            [ 1]  653 	push	#0x00
      000294 CDr00r00         [ 4]  654 	call	__divulong
      000297 5B 08            [ 2]  655 	addw	sp, #8
      000299 1F 04            [ 2]  656 	ldw	(0x04, sp), x
      00029B 20 1A            [ 2]  657 	jra	00106$
      00029D                        658 00105$:
                                    659 ;	STM8S_StdPeriph_Lib/Libraries/STM8S_StdPeriph_Driver/src/stm8s_clk.c: 586: else if ( clocksource == CLK_SOURCE_LSI)
      00029D 7B 01            [ 1]  660 	ld	a, (0x01, sp)
      00029F A1 D2            [ 1]  661 	cp	a, #0xd2
      0002A1 26 0B            [ 1]  662 	jrne	00102$
                                    663 ;	STM8S_StdPeriph_Lib/Libraries/STM8S_StdPeriph_Driver/src/stm8s_clk.c: 588: clockfrequency = LSI_VALUE;
      0002A3 AE F4 00         [ 2]  664 	ldw	x, #0xf400
      0002A6 1F 04            [ 2]  665 	ldw	(0x04, sp), x
      0002A8 90 AE 00 01      [ 2]  666 	ldw	y, #0x0001
      0002AC 20 09            [ 2]  667 	jra	00106$
      0002AE                        668 00102$:
                                    669 ;	STM8S_StdPeriph_Lib/Libraries/STM8S_StdPeriph_Driver/src/stm8s_clk.c: 592: clockfrequency = HSE_VALUE;
      0002AE AE 24 00         [ 2]  670 	ldw	x, #0x2400
      0002B1 1F 04            [ 2]  671 	ldw	(0x04, sp), x
      0002B3 90 AE 00 F4      [ 2]  672 	ldw	y, #0x00f4
      0002B7                        673 00106$:
                                    674 ;	STM8S_StdPeriph_Lib/Libraries/STM8S_StdPeriph_Driver/src/stm8s_clk.c: 595: return((uint32_t)clockfrequency);
      0002B7 1E 04            [ 2]  675 	ldw	x, (0x04, sp)
                                    676 ;	STM8S_StdPeriph_Lib/Libraries/STM8S_StdPeriph_Driver/src/stm8s_clk.c: 596: }
      0002B9 5B 05            [ 2]  677 	addw	sp, #5
      0002BB 81               [ 4]  678 	ret
                                    679 ;	STM8S_StdPeriph_Lib/Libraries/STM8S_StdPeriph_Driver/src/stm8s_clk.c: 605: void CLK_AdjustHSICalibrationValue(CLK_HSITrimValue_TypeDef CLK_HSICalibrationValue)
                                    680 ;	-----------------------------------------
                                    681 ;	 function CLK_AdjustHSICalibrationValue
                                    682 ;	-----------------------------------------
      0002BC                        683 _CLK_AdjustHSICalibrationValue:
                                    684 ;	STM8S_StdPeriph_Lib/Libraries/STM8S_StdPeriph_Driver/src/stm8s_clk.c: 611: CLK->HSITRIMR = (uint8_t)( (uint8_t)(CLK->HSITRIMR & (uint8_t)(~CLK_HSITRIMR_HSITRIM))|((uint8_t)CLK_HSICalibrationValue));
      0002BC C6 50 CC         [ 1]  685 	ld	a, 0x50cc
      0002BF A4 F8            [ 1]  686 	and	a, #0xf8
      0002C1 1A 03            [ 1]  687 	or	a, (0x03, sp)
      0002C3 C7 50 CC         [ 1]  688 	ld	0x50cc, a
                                    689 ;	STM8S_StdPeriph_Lib/Libraries/STM8S_StdPeriph_Driver/src/stm8s_clk.c: 612: }
      0002C6 81               [ 4]  690 	ret
                                    691 ;	STM8S_StdPeriph_Lib/Libraries/STM8S_StdPeriph_Driver/src/stm8s_clk.c: 623: void CLK_SYSCLKEmergencyClear(void)
                                    692 ;	-----------------------------------------
                                    693 ;	 function CLK_SYSCLKEmergencyClear
                                    694 ;	-----------------------------------------
      0002C7                        695 _CLK_SYSCLKEmergencyClear:
                                    696 ;	STM8S_StdPeriph_Lib/Libraries/STM8S_StdPeriph_Driver/src/stm8s_clk.c: 625: CLK->SWCR &= (uint8_t)(~CLK_SWCR_SWBSY);
      0002C7 72 11 50 C5      [ 1]  697 	bres	20677, #0
                                    698 ;	STM8S_StdPeriph_Lib/Libraries/STM8S_StdPeriph_Driver/src/stm8s_clk.c: 626: }
      0002CB 81               [ 4]  699 	ret
                                    700 ;	STM8S_StdPeriph_Lib/Libraries/STM8S_StdPeriph_Driver/src/stm8s_clk.c: 635: FlagStatus CLK_GetFlagStatus(CLK_Flag_TypeDef CLK_FLAG)
                                    701 ;	-----------------------------------------
                                    702 ;	 function CLK_GetFlagStatus
                                    703 ;	-----------------------------------------
      0002CC                        704 _CLK_GetFlagStatus:
      0002CC 88               [ 1]  705 	push	a
                                    706 ;	STM8S_StdPeriph_Lib/Libraries/STM8S_StdPeriph_Driver/src/stm8s_clk.c: 645: statusreg = (uint16_t)((uint16_t)CLK_FLAG & (uint16_t)0xFF00);
      0002CD 4F               [ 1]  707 	clr	a
      0002CE 97               [ 1]  708 	ld	xl, a
      0002CF 7B 04            [ 1]  709 	ld	a, (0x04, sp)
      0002D1 95               [ 1]  710 	ld	xh, a
                                    711 ;	STM8S_StdPeriph_Lib/Libraries/STM8S_StdPeriph_Driver/src/stm8s_clk.c: 648: if (statusreg == 0x0100) /* The flag to check is in ICKRregister */
      0002D2 A3 01 00         [ 2]  712 	cpw	x, #0x0100
      0002D5 26 05            [ 1]  713 	jrne	00111$
                                    714 ;	STM8S_StdPeriph_Lib/Libraries/STM8S_StdPeriph_Driver/src/stm8s_clk.c: 650: tmpreg = CLK->ICKR;
      0002D7 C6 50 C0         [ 1]  715 	ld	a, 0x50c0
      0002DA 20 21            [ 2]  716 	jra	00112$
      0002DC                        717 00111$:
                                    718 ;	STM8S_StdPeriph_Lib/Libraries/STM8S_StdPeriph_Driver/src/stm8s_clk.c: 652: else if (statusreg == 0x0200) /* The flag to check is in ECKRregister */
      0002DC A3 02 00         [ 2]  719 	cpw	x, #0x0200
      0002DF 26 05            [ 1]  720 	jrne	00108$
                                    721 ;	STM8S_StdPeriph_Lib/Libraries/STM8S_StdPeriph_Driver/src/stm8s_clk.c: 654: tmpreg = CLK->ECKR;
      0002E1 C6 50 C1         [ 1]  722 	ld	a, 0x50c1
      0002E4 20 17            [ 2]  723 	jra	00112$
      0002E6                        724 00108$:
                                    725 ;	STM8S_StdPeriph_Lib/Libraries/STM8S_StdPeriph_Driver/src/stm8s_clk.c: 656: else if (statusreg == 0x0300) /* The flag to check is in SWIC register */
      0002E6 A3 03 00         [ 2]  726 	cpw	x, #0x0300
      0002E9 26 05            [ 1]  727 	jrne	00105$
                                    728 ;	STM8S_StdPeriph_Lib/Libraries/STM8S_StdPeriph_Driver/src/stm8s_clk.c: 658: tmpreg = CLK->SWCR;
      0002EB C6 50 C5         [ 1]  729 	ld	a, 0x50c5
      0002EE 20 0D            [ 2]  730 	jra	00112$
      0002F0                        731 00105$:
                                    732 ;	STM8S_StdPeriph_Lib/Libraries/STM8S_StdPeriph_Driver/src/stm8s_clk.c: 660: else if (statusreg == 0x0400) /* The flag to check is in CSS register */
      0002F0 A3 04 00         [ 2]  733 	cpw	x, #0x0400
      0002F3 26 05            [ 1]  734 	jrne	00102$
                                    735 ;	STM8S_StdPeriph_Lib/Libraries/STM8S_StdPeriph_Driver/src/stm8s_clk.c: 662: tmpreg = CLK->CSSR;
      0002F5 C6 50 C8         [ 1]  736 	ld	a, 0x50c8
      0002F8 20 03            [ 2]  737 	jra	00112$
      0002FA                        738 00102$:
                                    739 ;	STM8S_StdPeriph_Lib/Libraries/STM8S_StdPeriph_Driver/src/stm8s_clk.c: 666: tmpreg = CLK->CCOR;
      0002FA C6 50 C9         [ 1]  740 	ld	a, 0x50c9
      0002FD                        741 00112$:
                                    742 ;	STM8S_StdPeriph_Lib/Libraries/STM8S_StdPeriph_Driver/src/stm8s_clk.c: 669: if ((tmpreg & (uint8_t)CLK_FLAG) != (uint8_t)RESET)
      0002FD 88               [ 1]  743 	push	a
      0002FE 7B 06            [ 1]  744 	ld	a, (0x06, sp)
      000300 6B 02            [ 1]  745 	ld	(0x02, sp), a
      000302 84               [ 1]  746 	pop	a
      000303 14 01            [ 1]  747 	and	a, (0x01, sp)
      000305 27 03            [ 1]  748 	jreq	00114$
                                    749 ;	STM8S_StdPeriph_Lib/Libraries/STM8S_StdPeriph_Driver/src/stm8s_clk.c: 671: bitstatus = SET;
      000307 A6 01            [ 1]  750 	ld	a, #0x01
                                    751 ;	STM8S_StdPeriph_Lib/Libraries/STM8S_StdPeriph_Driver/src/stm8s_clk.c: 675: bitstatus = RESET;
      000309 21                     752 	.byte 0x21
      00030A                        753 00114$:
      00030A 4F               [ 1]  754 	clr	a
      00030B                        755 00115$:
                                    756 ;	STM8S_StdPeriph_Lib/Libraries/STM8S_StdPeriph_Driver/src/stm8s_clk.c: 679: return((FlagStatus)bitstatus);
                                    757 ;	STM8S_StdPeriph_Lib/Libraries/STM8S_StdPeriph_Driver/src/stm8s_clk.c: 680: }
      00030B 5B 01            [ 2]  758 	addw	sp, #1
      00030D 81               [ 4]  759 	ret
                                    760 ;	STM8S_StdPeriph_Lib/Libraries/STM8S_StdPeriph_Driver/src/stm8s_clk.c: 688: ITStatus CLK_GetITStatus(CLK_IT_TypeDef CLK_IT)
                                    761 ;	-----------------------------------------
                                    762 ;	 function CLK_GetITStatus
                                    763 ;	-----------------------------------------
      00030E                        764 _CLK_GetITStatus:
                                    765 ;	STM8S_StdPeriph_Lib/Libraries/STM8S_StdPeriph_Driver/src/stm8s_clk.c: 695: if (CLK_IT == CLK_IT_SWIF)
      00030E 7B 03            [ 1]  766 	ld	a, (0x03, sp)
      000310 A1 1C            [ 1]  767 	cp	a, #0x1c
      000312 26 0D            [ 1]  768 	jrne	00108$
                                    769 ;	STM8S_StdPeriph_Lib/Libraries/STM8S_StdPeriph_Driver/src/stm8s_clk.c: 698: if ((CLK->SWCR & (uint8_t)CLK_IT) == (uint8_t)0x0C)
      000314 C6 50 C5         [ 1]  770 	ld	a, 0x50c5
      000317 14 03            [ 1]  771 	and	a, (0x03, sp)
                                    772 ;	STM8S_StdPeriph_Lib/Libraries/STM8S_StdPeriph_Driver/src/stm8s_clk.c: 700: bitstatus = SET;
      000319 A0 0C            [ 1]  773 	sub	a, #0x0c
      00031B 26 02            [ 1]  774 	jrne	00102$
      00031D 4C               [ 1]  775 	inc	a
      00031E 81               [ 4]  776 	ret
      00031F                        777 00102$:
                                    778 ;	STM8S_StdPeriph_Lib/Libraries/STM8S_StdPeriph_Driver/src/stm8s_clk.c: 704: bitstatus = RESET;
      00031F 4F               [ 1]  779 	clr	a
      000320 81               [ 4]  780 	ret
      000321                        781 00108$:
                                    782 ;	STM8S_StdPeriph_Lib/Libraries/STM8S_StdPeriph_Driver/src/stm8s_clk.c: 710: if ((CLK->CSSR & (uint8_t)CLK_IT) == (uint8_t)0x0C)
      000321 C6 50 C8         [ 1]  783 	ld	a, 0x50c8
      000324 14 03            [ 1]  784 	and	a, (0x03, sp)
                                    785 ;	STM8S_StdPeriph_Lib/Libraries/STM8S_StdPeriph_Driver/src/stm8s_clk.c: 712: bitstatus = SET;
      000326 A0 0C            [ 1]  786 	sub	a, #0x0c
      000328 26 02            [ 1]  787 	jrne	00105$
      00032A 4C               [ 1]  788 	inc	a
      00032B 81               [ 4]  789 	ret
      00032C                        790 00105$:
                                    791 ;	STM8S_StdPeriph_Lib/Libraries/STM8S_StdPeriph_Driver/src/stm8s_clk.c: 716: bitstatus = RESET;
      00032C 4F               [ 1]  792 	clr	a
                                    793 ;	STM8S_StdPeriph_Lib/Libraries/STM8S_StdPeriph_Driver/src/stm8s_clk.c: 721: return bitstatus;
                                    794 ;	STM8S_StdPeriph_Lib/Libraries/STM8S_StdPeriph_Driver/src/stm8s_clk.c: 722: }
      00032D 81               [ 4]  795 	ret
                                    796 ;	STM8S_StdPeriph_Lib/Libraries/STM8S_StdPeriph_Driver/src/stm8s_clk.c: 730: void CLK_ClearITPendingBit(CLK_IT_TypeDef CLK_IT)
                                    797 ;	-----------------------------------------
                                    798 ;	 function CLK_ClearITPendingBit
                                    799 ;	-----------------------------------------
      00032E                        800 _CLK_ClearITPendingBit:
                                    801 ;	STM8S_StdPeriph_Lib/Libraries/STM8S_StdPeriph_Driver/src/stm8s_clk.c: 735: if (CLK_IT == (uint8_t)CLK_IT_CSSD)
      00032E 7B 03            [ 1]  802 	ld	a, (0x03, sp)
      000330 A1 0C            [ 1]  803 	cp	a, #0x0c
      000332 26 05            [ 1]  804 	jrne	00102$
                                    805 ;	STM8S_StdPeriph_Lib/Libraries/STM8S_StdPeriph_Driver/src/stm8s_clk.c: 738: CLK->CSSR &= (uint8_t)(~CLK_CSSR_CSSD);
      000334 72 17 50 C8      [ 1]  806 	bres	20680, #3
      000338 81               [ 4]  807 	ret
      000339                        808 00102$:
                                    809 ;	STM8S_StdPeriph_Lib/Libraries/STM8S_StdPeriph_Driver/src/stm8s_clk.c: 743: CLK->SWCR &= (uint8_t)(~CLK_SWCR_SWIF);
      000339 72 17 50 C5      [ 1]  810 	bres	20677, #3
                                    811 ;	STM8S_StdPeriph_Lib/Libraries/STM8S_StdPeriph_Driver/src/stm8s_clk.c: 746: }
      00033D 81               [ 4]  812 	ret
                                    813 	.area CODE
                                    814 	.area CONST
      000000                        815 _HSIDivFactor:
      000000 01                     816 	.db #0x01	; 1
      000001 02                     817 	.db #0x02	; 2
      000002 04                     818 	.db #0x04	; 4
      000003 08                     819 	.db #0x08	; 8
                                    820 	.area INITIALIZER
                                    821 	.area CABS (ABS)
