                                      1 ;--------------------------------------------------------
                                      2 ; File Created by SDCC : free open source ANSI-C Compiler
                                      3 ; Version 3.8.0 #10562 (Linux)
                                      4 ;--------------------------------------------------------
                                      5 	.module stm8s_adc1
                                      6 	.optsdcc -mstm8
                                      7 	
                                      8 ;--------------------------------------------------------
                                      9 ; Public variables in this module
                                     10 ;--------------------------------------------------------
                                     11 	.globl _ADC1_DeInit
                                     12 	.globl _ADC1_Init
                                     13 	.globl _ADC1_Cmd
                                     14 	.globl _ADC1_ScanModeCmd
                                     15 	.globl _ADC1_DataBufferCmd
                                     16 	.globl _ADC1_ITConfig
                                     17 	.globl _ADC1_PrescalerConfig
                                     18 	.globl _ADC1_SchmittTriggerConfig
                                     19 	.globl _ADC1_ConversionConfig
                                     20 	.globl _ADC1_ExternalTriggerConfig
                                     21 	.globl _ADC1_StartConversion
                                     22 	.globl _ADC1_GetConversionValue
                                     23 	.globl _ADC1_AWDChannelConfig
                                     24 	.globl _ADC1_SetHighThreshold
                                     25 	.globl _ADC1_SetLowThreshold
                                     26 	.globl _ADC1_GetBufferValue
                                     27 	.globl _ADC1_GetAWDChannelStatus
                                     28 	.globl _ADC1_GetFlagStatus
                                     29 	.globl _ADC1_ClearFlag
                                     30 	.globl _ADC1_GetITStatus
                                     31 	.globl _ADC1_ClearITPendingBit
                                     32 ;--------------------------------------------------------
                                     33 ; ram data
                                     34 ;--------------------------------------------------------
                                     35 	.area DATA
                                     36 ;--------------------------------------------------------
                                     37 ; ram data
                                     38 ;--------------------------------------------------------
                                     39 	.area INITIALIZED
                                     40 ;--------------------------------------------------------
                                     41 ; absolute external ram data
                                     42 ;--------------------------------------------------------
                                     43 	.area DABS (ABS)
                                     44 
                                     45 ; default segment ordering for linker
                                     46 	.area HOME
                                     47 	.area GSINIT
                                     48 	.area GSFINAL
                                     49 	.area CONST
                                     50 	.area INITIALIZER
                                     51 	.area CODE
                                     52 
                                     53 ;--------------------------------------------------------
                                     54 ; global & static initialisations
                                     55 ;--------------------------------------------------------
                                     56 	.area HOME
                                     57 	.area GSINIT
                                     58 	.area GSFINAL
                                     59 	.area GSINIT
                                     60 ;--------------------------------------------------------
                                     61 ; Home
                                     62 ;--------------------------------------------------------
                                     63 	.area HOME
                                     64 	.area HOME
                                     65 ;--------------------------------------------------------
                                     66 ; code
                                     67 ;--------------------------------------------------------
                                     68 	.area CODE
                                     69 ;	STM8S_StdPeriph_Lib/Libraries/STM8S_StdPeriph_Driver/src/stm8s_adc1.c: 52: void ADC1_DeInit(void)
                                     70 ;	-----------------------------------------
                                     71 ;	 function ADC1_DeInit
                                     72 ;	-----------------------------------------
      000000                         73 _ADC1_DeInit:
                                     74 ;	STM8S_StdPeriph_Lib/Libraries/STM8S_StdPeriph_Driver/src/stm8s_adc1.c: 54: ADC1->CSR  = ADC1_CSR_RESET_VALUE;
      000000 35 00 54 00      [ 1]   75 	mov	0x5400+0, #0x00
                                     76 ;	STM8S_StdPeriph_Lib/Libraries/STM8S_StdPeriph_Driver/src/stm8s_adc1.c: 55: ADC1->CR1  = ADC1_CR1_RESET_VALUE;
      000004 35 00 54 01      [ 1]   77 	mov	0x5401+0, #0x00
                                     78 ;	STM8S_StdPeriph_Lib/Libraries/STM8S_StdPeriph_Driver/src/stm8s_adc1.c: 56: ADC1->CR2  = ADC1_CR2_RESET_VALUE;
      000008 35 00 54 02      [ 1]   79 	mov	0x5402+0, #0x00
                                     80 ;	STM8S_StdPeriph_Lib/Libraries/STM8S_StdPeriph_Driver/src/stm8s_adc1.c: 57: ADC1->CR3  = ADC1_CR3_RESET_VALUE;
      00000C 35 00 54 03      [ 1]   81 	mov	0x5403+0, #0x00
                                     82 ;	STM8S_StdPeriph_Lib/Libraries/STM8S_StdPeriph_Driver/src/stm8s_adc1.c: 58: ADC1->TDRH = ADC1_TDRH_RESET_VALUE;
      000010 35 00 54 06      [ 1]   83 	mov	0x5406+0, #0x00
                                     84 ;	STM8S_StdPeriph_Lib/Libraries/STM8S_StdPeriph_Driver/src/stm8s_adc1.c: 59: ADC1->TDRL = ADC1_TDRL_RESET_VALUE;
      000014 35 00 54 07      [ 1]   85 	mov	0x5407+0, #0x00
                                     86 ;	STM8S_StdPeriph_Lib/Libraries/STM8S_StdPeriph_Driver/src/stm8s_adc1.c: 60: ADC1->HTRH = ADC1_HTRH_RESET_VALUE;
      000018 35 FF 54 08      [ 1]   87 	mov	0x5408+0, #0xff
                                     88 ;	STM8S_StdPeriph_Lib/Libraries/STM8S_StdPeriph_Driver/src/stm8s_adc1.c: 61: ADC1->HTRL = ADC1_HTRL_RESET_VALUE;
      00001C 35 03 54 09      [ 1]   89 	mov	0x5409+0, #0x03
                                     90 ;	STM8S_StdPeriph_Lib/Libraries/STM8S_StdPeriph_Driver/src/stm8s_adc1.c: 62: ADC1->LTRH = ADC1_LTRH_RESET_VALUE;
      000020 35 00 54 0A      [ 1]   91 	mov	0x540a+0, #0x00
                                     92 ;	STM8S_StdPeriph_Lib/Libraries/STM8S_StdPeriph_Driver/src/stm8s_adc1.c: 63: ADC1->LTRL = ADC1_LTRL_RESET_VALUE;
      000024 35 00 54 0B      [ 1]   93 	mov	0x540b+0, #0x00
                                     94 ;	STM8S_StdPeriph_Lib/Libraries/STM8S_StdPeriph_Driver/src/stm8s_adc1.c: 64: ADC1->AWCRH = ADC1_AWCRH_RESET_VALUE;
      000028 35 00 54 0E      [ 1]   95 	mov	0x540e+0, #0x00
                                     96 ;	STM8S_StdPeriph_Lib/Libraries/STM8S_StdPeriph_Driver/src/stm8s_adc1.c: 65: ADC1->AWCRL = ADC1_AWCRL_RESET_VALUE;
      00002C 35 00 54 0F      [ 1]   97 	mov	0x540f+0, #0x00
                                     98 ;	STM8S_StdPeriph_Lib/Libraries/STM8S_StdPeriph_Driver/src/stm8s_adc1.c: 66: }
      000030 81               [ 4]   99 	ret
                                    100 ;	STM8S_StdPeriph_Lib/Libraries/STM8S_StdPeriph_Driver/src/stm8s_adc1.c: 88: void ADC1_Init(ADC1_ConvMode_TypeDef ADC1_ConversionMode, ADC1_Channel_TypeDef ADC1_Channel, ADC1_PresSel_TypeDef ADC1_PrescalerSelection, ADC1_ExtTrig_TypeDef ADC1_ExtTrigger, FunctionalState ADC1_ExtTriggerState, ADC1_Align_TypeDef ADC1_Align, ADC1_SchmittTrigg_TypeDef ADC1_SchmittTriggerChannel, FunctionalState ADC1_SchmittTriggerState)
                                    101 ;	-----------------------------------------
                                    102 ;	 function ADC1_Init
                                    103 ;	-----------------------------------------
      000031                        104 _ADC1_Init:
                                    105 ;	STM8S_StdPeriph_Lib/Libraries/STM8S_StdPeriph_Driver/src/stm8s_adc1.c: 103: ADC1_ConversionConfig(ADC1_ConversionMode, ADC1_Channel, ADC1_Align);
      000031 7B 08            [ 1]  106 	ld	a, (0x08, sp)
      000033 88               [ 1]  107 	push	a
      000034 7B 05            [ 1]  108 	ld	a, (0x05, sp)
      000036 88               [ 1]  109 	push	a
      000037 7B 05            [ 1]  110 	ld	a, (0x05, sp)
      000039 88               [ 1]  111 	push	a
      00003A CDr01r47         [ 4]  112 	call	_ADC1_ConversionConfig
      00003D 5B 03            [ 2]  113 	addw	sp, #3
                                    114 ;	STM8S_StdPeriph_Lib/Libraries/STM8S_StdPeriph_Driver/src/stm8s_adc1.c: 105: ADC1_PrescalerConfig(ADC1_PrescalerSelection);
      00003F 7B 05            [ 1]  115 	ld	a, (0x05, sp)
      000041 88               [ 1]  116 	push	a
      000042 CDr00rB8         [ 4]  117 	call	_ADC1_PrescalerConfig
      000045 84               [ 1]  118 	pop	a
                                    119 ;	STM8S_StdPeriph_Lib/Libraries/STM8S_StdPeriph_Driver/src/stm8s_adc1.c: 110: ADC1_ExternalTriggerConfig(ADC1_ExtTrigger, ADC1_ExtTriggerState);
      000046 7B 07            [ 1]  120 	ld	a, (0x07, sp)
      000048 88               [ 1]  121 	push	a
      000049 7B 07            [ 1]  122 	ld	a, (0x07, sp)
      00004B 88               [ 1]  123 	push	a
      00004C CDr01r7A         [ 4]  124 	call	_ADC1_ExternalTriggerConfig
      00004F 5B 02            [ 2]  125 	addw	sp, #2
                                    126 ;	STM8S_StdPeriph_Lib/Libraries/STM8S_StdPeriph_Driver/src/stm8s_adc1.c: 115: ADC1_SchmittTriggerConfig(ADC1_SchmittTriggerChannel, ADC1_SchmittTriggerState);
      000051 7B 0A            [ 1]  127 	ld	a, (0x0a, sp)
      000053 88               [ 1]  128 	push	a
      000054 7B 0A            [ 1]  129 	ld	a, (0x0a, sp)
      000056 88               [ 1]  130 	push	a
      000057 CDr00rC9         [ 4]  131 	call	_ADC1_SchmittTriggerConfig
      00005A 5B 02            [ 2]  132 	addw	sp, #2
                                    133 ;	STM8S_StdPeriph_Lib/Libraries/STM8S_StdPeriph_Driver/src/stm8s_adc1.c: 118: ADC1->CR1 |= ADC1_CR1_ADON;
      00005C 72 10 54 01      [ 1]  134 	bset	21505, #0
                                    135 ;	STM8S_StdPeriph_Lib/Libraries/STM8S_StdPeriph_Driver/src/stm8s_adc1.c: 119: }
      000060 81               [ 4]  136 	ret
                                    137 ;	STM8S_StdPeriph_Lib/Libraries/STM8S_StdPeriph_Driver/src/stm8s_adc1.c: 126: void ADC1_Cmd(FunctionalState NewState)
                                    138 ;	-----------------------------------------
                                    139 ;	 function ADC1_Cmd
                                    140 ;	-----------------------------------------
      000061                        141 _ADC1_Cmd:
                                    142 ;	STM8S_StdPeriph_Lib/Libraries/STM8S_StdPeriph_Driver/src/stm8s_adc1.c: 133: ADC1->CR1 |= ADC1_CR1_ADON;
      000061 C6 54 01         [ 1]  143 	ld	a, 0x5401
                                    144 ;	STM8S_StdPeriph_Lib/Libraries/STM8S_StdPeriph_Driver/src/stm8s_adc1.c: 131: if (NewState != DISABLE)
      000064 0D 03            [ 1]  145 	tnz	(0x03, sp)
      000066 27 06            [ 1]  146 	jreq	00102$
                                    147 ;	STM8S_StdPeriph_Lib/Libraries/STM8S_StdPeriph_Driver/src/stm8s_adc1.c: 133: ADC1->CR1 |= ADC1_CR1_ADON;
      000068 AA 01            [ 1]  148 	or	a, #0x01
      00006A C7 54 01         [ 1]  149 	ld	0x5401, a
      00006D 81               [ 4]  150 	ret
      00006E                        151 00102$:
                                    152 ;	STM8S_StdPeriph_Lib/Libraries/STM8S_StdPeriph_Driver/src/stm8s_adc1.c: 137: ADC1->CR1 &= (uint8_t)(~ADC1_CR1_ADON);
      00006E A4 FE            [ 1]  153 	and	a, #0xfe
      000070 C7 54 01         [ 1]  154 	ld	0x5401, a
                                    155 ;	STM8S_StdPeriph_Lib/Libraries/STM8S_StdPeriph_Driver/src/stm8s_adc1.c: 139: }
      000073 81               [ 4]  156 	ret
                                    157 ;	STM8S_StdPeriph_Lib/Libraries/STM8S_StdPeriph_Driver/src/stm8s_adc1.c: 146: void ADC1_ScanModeCmd(FunctionalState NewState)
                                    158 ;	-----------------------------------------
                                    159 ;	 function ADC1_ScanModeCmd
                                    160 ;	-----------------------------------------
      000074                        161 _ADC1_ScanModeCmd:
                                    162 ;	STM8S_StdPeriph_Lib/Libraries/STM8S_StdPeriph_Driver/src/stm8s_adc1.c: 153: ADC1->CR2 |= ADC1_CR2_SCAN;
      000074 C6 54 02         [ 1]  163 	ld	a, 0x5402
                                    164 ;	STM8S_StdPeriph_Lib/Libraries/STM8S_StdPeriph_Driver/src/stm8s_adc1.c: 151: if (NewState != DISABLE)
      000077 0D 03            [ 1]  165 	tnz	(0x03, sp)
      000079 27 06            [ 1]  166 	jreq	00102$
                                    167 ;	STM8S_StdPeriph_Lib/Libraries/STM8S_StdPeriph_Driver/src/stm8s_adc1.c: 153: ADC1->CR2 |= ADC1_CR2_SCAN;
      00007B AA 02            [ 1]  168 	or	a, #0x02
      00007D C7 54 02         [ 1]  169 	ld	0x5402, a
      000080 81               [ 4]  170 	ret
      000081                        171 00102$:
                                    172 ;	STM8S_StdPeriph_Lib/Libraries/STM8S_StdPeriph_Driver/src/stm8s_adc1.c: 157: ADC1->CR2 &= (uint8_t)(~ADC1_CR2_SCAN);
      000081 A4 FD            [ 1]  173 	and	a, #0xfd
      000083 C7 54 02         [ 1]  174 	ld	0x5402, a
                                    175 ;	STM8S_StdPeriph_Lib/Libraries/STM8S_StdPeriph_Driver/src/stm8s_adc1.c: 159: }
      000086 81               [ 4]  176 	ret
                                    177 ;	STM8S_StdPeriph_Lib/Libraries/STM8S_StdPeriph_Driver/src/stm8s_adc1.c: 166: void ADC1_DataBufferCmd(FunctionalState NewState)
                                    178 ;	-----------------------------------------
                                    179 ;	 function ADC1_DataBufferCmd
                                    180 ;	-----------------------------------------
      000087                        181 _ADC1_DataBufferCmd:
                                    182 ;	STM8S_StdPeriph_Lib/Libraries/STM8S_StdPeriph_Driver/src/stm8s_adc1.c: 173: ADC1->CR3 |= ADC1_CR3_DBUF;
      000087 C6 54 03         [ 1]  183 	ld	a, 0x5403
                                    184 ;	STM8S_StdPeriph_Lib/Libraries/STM8S_StdPeriph_Driver/src/stm8s_adc1.c: 171: if (NewState != DISABLE)
      00008A 0D 03            [ 1]  185 	tnz	(0x03, sp)
      00008C 27 06            [ 1]  186 	jreq	00102$
                                    187 ;	STM8S_StdPeriph_Lib/Libraries/STM8S_StdPeriph_Driver/src/stm8s_adc1.c: 173: ADC1->CR3 |= ADC1_CR3_DBUF;
      00008E AA 80            [ 1]  188 	or	a, #0x80
      000090 C7 54 03         [ 1]  189 	ld	0x5403, a
      000093 81               [ 4]  190 	ret
      000094                        191 00102$:
                                    192 ;	STM8S_StdPeriph_Lib/Libraries/STM8S_StdPeriph_Driver/src/stm8s_adc1.c: 177: ADC1->CR3 &= (uint8_t)(~ADC1_CR3_DBUF);
      000094 A4 7F            [ 1]  193 	and	a, #0x7f
      000096 C7 54 03         [ 1]  194 	ld	0x5403, a
                                    195 ;	STM8S_StdPeriph_Lib/Libraries/STM8S_StdPeriph_Driver/src/stm8s_adc1.c: 179: }
      000099 81               [ 4]  196 	ret
                                    197 ;	STM8S_StdPeriph_Lib/Libraries/STM8S_StdPeriph_Driver/src/stm8s_adc1.c: 190: void ADC1_ITConfig(ADC1_IT_TypeDef ADC1_IT, FunctionalState NewState)
                                    198 ;	-----------------------------------------
                                    199 ;	 function ADC1_ITConfig
                                    200 ;	-----------------------------------------
      00009A                        201 _ADC1_ITConfig:
      00009A 88               [ 1]  202 	push	a
                                    203 ;	STM8S_StdPeriph_Lib/Libraries/STM8S_StdPeriph_Driver/src/stm8s_adc1.c: 199: ADC1->CSR |= (uint8_t)ADC1_IT;
      00009B C6 54 00         [ 1]  204 	ld	a, 0x5400
      00009E 6B 01            [ 1]  205 	ld	(0x01, sp), a
                                    206 ;	STM8S_StdPeriph_Lib/Libraries/STM8S_StdPeriph_Driver/src/stm8s_adc1.c: 196: if (NewState != DISABLE)
      0000A0 0D 06            [ 1]  207 	tnz	(0x06, sp)
      0000A2 27 09            [ 1]  208 	jreq	00102$
                                    209 ;	STM8S_StdPeriph_Lib/Libraries/STM8S_StdPeriph_Driver/src/stm8s_adc1.c: 199: ADC1->CSR |= (uint8_t)ADC1_IT;
      0000A4 7B 05            [ 1]  210 	ld	a, (0x05, sp)
      0000A6 1A 01            [ 1]  211 	or	a, (0x01, sp)
      0000A8 C7 54 00         [ 1]  212 	ld	0x5400, a
      0000AB 20 09            [ 2]  213 	jra	00104$
      0000AD                        214 00102$:
                                    215 ;	STM8S_StdPeriph_Lib/Libraries/STM8S_StdPeriph_Driver/src/stm8s_adc1.c: 204: ADC1->CSR &= (uint8_t)((uint16_t)~(uint16_t)ADC1_IT);
      0000AD 1E 04            [ 2]  216 	ldw	x, (0x04, sp)
      0000AF 53               [ 2]  217 	cplw	x
      0000B0 9F               [ 1]  218 	ld	a, xl
      0000B1 14 01            [ 1]  219 	and	a, (0x01, sp)
      0000B3 C7 54 00         [ 1]  220 	ld	0x5400, a
      0000B6                        221 00104$:
                                    222 ;	STM8S_StdPeriph_Lib/Libraries/STM8S_StdPeriph_Driver/src/stm8s_adc1.c: 206: }
      0000B6 84               [ 1]  223 	pop	a
      0000B7 81               [ 4]  224 	ret
                                    225 ;	STM8S_StdPeriph_Lib/Libraries/STM8S_StdPeriph_Driver/src/stm8s_adc1.c: 214: void ADC1_PrescalerConfig(ADC1_PresSel_TypeDef ADC1_Prescaler)
                                    226 ;	-----------------------------------------
                                    227 ;	 function ADC1_PrescalerConfig
                                    228 ;	-----------------------------------------
      0000B8                        229 _ADC1_PrescalerConfig:
                                    230 ;	STM8S_StdPeriph_Lib/Libraries/STM8S_StdPeriph_Driver/src/stm8s_adc1.c: 220: ADC1->CR1 &= (uint8_t)(~ADC1_CR1_SPSEL);
      0000B8 C6 54 01         [ 1]  231 	ld	a, 0x5401
      0000BB A4 8F            [ 1]  232 	and	a, #0x8f
      0000BD C7 54 01         [ 1]  233 	ld	0x5401, a
                                    234 ;	STM8S_StdPeriph_Lib/Libraries/STM8S_StdPeriph_Driver/src/stm8s_adc1.c: 222: ADC1->CR1 |= (uint8_t)(ADC1_Prescaler);
      0000C0 C6 54 01         [ 1]  235 	ld	a, 0x5401
      0000C3 1A 03            [ 1]  236 	or	a, (0x03, sp)
      0000C5 C7 54 01         [ 1]  237 	ld	0x5401, a
                                    238 ;	STM8S_StdPeriph_Lib/Libraries/STM8S_StdPeriph_Driver/src/stm8s_adc1.c: 223: }
      0000C8 81               [ 4]  239 	ret
                                    240 ;	STM8S_StdPeriph_Lib/Libraries/STM8S_StdPeriph_Driver/src/stm8s_adc1.c: 233: void ADC1_SchmittTriggerConfig(ADC1_SchmittTrigg_TypeDef ADC1_SchmittTriggerChannel, FunctionalState NewState)
                                    241 ;	-----------------------------------------
                                    242 ;	 function ADC1_SchmittTriggerConfig
                                    243 ;	-----------------------------------------
      0000C9                        244 _ADC1_SchmittTriggerConfig:
      0000C9 52 02            [ 2]  245 	sub	sp, #2
                                    246 ;	STM8S_StdPeriph_Lib/Libraries/STM8S_StdPeriph_Driver/src/stm8s_adc1.c: 239: if (ADC1_SchmittTriggerChannel == ADC1_SCHMITTTRIG_ALL)
      0000CB 7B 05            [ 1]  247 	ld	a, (0x05, sp)
      0000CD 4C               [ 1]  248 	inc	a
      0000CE 26 21            [ 1]  249 	jrne	00114$
                                    250 ;	STM8S_StdPeriph_Lib/Libraries/STM8S_StdPeriph_Driver/src/stm8s_adc1.c: 243: ADC1->TDRL &= (uint8_t)0x0;
      0000D0 C6 54 07         [ 1]  251 	ld	a, 0x5407
                                    252 ;	STM8S_StdPeriph_Lib/Libraries/STM8S_StdPeriph_Driver/src/stm8s_adc1.c: 241: if (NewState != DISABLE)
      0000D3 0D 06            [ 1]  253 	tnz	(0x06, sp)
      0000D5 27 0D            [ 1]  254 	jreq	00102$
                                    255 ;	STM8S_StdPeriph_Lib/Libraries/STM8S_StdPeriph_Driver/src/stm8s_adc1.c: 243: ADC1->TDRL &= (uint8_t)0x0;
      0000D7 35 00 54 07      [ 1]  256 	mov	0x5407+0, #0x00
                                    257 ;	STM8S_StdPeriph_Lib/Libraries/STM8S_StdPeriph_Driver/src/stm8s_adc1.c: 244: ADC1->TDRH &= (uint8_t)0x0;
      0000DB C6 54 06         [ 1]  258 	ld	a, 0x5406
      0000DE 35 00 54 06      [ 1]  259 	mov	0x5406+0, #0x00
      0000E2 20 60            [ 2]  260 	jra	00116$
      0000E4                        261 00102$:
                                    262 ;	STM8S_StdPeriph_Lib/Libraries/STM8S_StdPeriph_Driver/src/stm8s_adc1.c: 248: ADC1->TDRL |= (uint8_t)0xFF;
      0000E4 35 FF 54 07      [ 1]  263 	mov	0x5407+0, #0xff
                                    264 ;	STM8S_StdPeriph_Lib/Libraries/STM8S_StdPeriph_Driver/src/stm8s_adc1.c: 249: ADC1->TDRH |= (uint8_t)0xFF;
      0000E8 C6 54 06         [ 1]  265 	ld	a, 0x5406
      0000EB 35 FF 54 06      [ 1]  266 	mov	0x5406+0, #0xff
      0000EF 20 53            [ 2]  267 	jra	00116$
      0000F1                        268 00114$:
                                    269 ;	STM8S_StdPeriph_Lib/Libraries/STM8S_StdPeriph_Driver/src/stm8s_adc1.c: 252: else if (ADC1_SchmittTriggerChannel < ADC1_SCHMITTTRIG_CHANNEL8)
      0000F1 7B 05            [ 1]  270 	ld	a, (0x05, sp)
      0000F3 A1 08            [ 1]  271 	cp	a, #0x08
      0000F5 24 25            [ 1]  272 	jrnc	00111$
                                    273 ;	STM8S_StdPeriph_Lib/Libraries/STM8S_StdPeriph_Driver/src/stm8s_adc1.c: 243: ADC1->TDRL &= (uint8_t)0x0;
      0000F7 C6 54 07         [ 1]  274 	ld	a, 0x5407
      0000FA 6B 01            [ 1]  275 	ld	(0x01, sp), a
                                    276 ;	STM8S_StdPeriph_Lib/Libraries/STM8S_StdPeriph_Driver/src/stm8s_adc1.c: 256: ADC1->TDRL &= (uint8_t)(~(uint8_t)((uint8_t)0x01 << (uint8_t)ADC1_SchmittTriggerChannel));
      0000FC A6 01            [ 1]  277 	ld	a, #0x01
      0000FE 88               [ 1]  278 	push	a
      0000FF 7B 06            [ 1]  279 	ld	a, (0x06, sp)
      000101 27 05            [ 1]  280 	jreq	00149$
      000103                        281 00148$:
      000103 08 01            [ 1]  282 	sll	(1, sp)
      000105 4A               [ 1]  283 	dec	a
      000106 26 FB            [ 1]  284 	jrne	00148$
      000108                        285 00149$:
      000108 84               [ 1]  286 	pop	a
                                    287 ;	STM8S_StdPeriph_Lib/Libraries/STM8S_StdPeriph_Driver/src/stm8s_adc1.c: 254: if (NewState != DISABLE)
      000109 0D 06            [ 1]  288 	tnz	(0x06, sp)
      00010B 27 08            [ 1]  289 	jreq	00105$
                                    290 ;	STM8S_StdPeriph_Lib/Libraries/STM8S_StdPeriph_Driver/src/stm8s_adc1.c: 256: ADC1->TDRL &= (uint8_t)(~(uint8_t)((uint8_t)0x01 << (uint8_t)ADC1_SchmittTriggerChannel));
      00010D 43               [ 1]  291 	cpl	a
      00010E 14 01            [ 1]  292 	and	a, (0x01, sp)
      000110 C7 54 07         [ 1]  293 	ld	0x5407, a
      000113 20 2F            [ 2]  294 	jra	00116$
      000115                        295 00105$:
                                    296 ;	STM8S_StdPeriph_Lib/Libraries/STM8S_StdPeriph_Driver/src/stm8s_adc1.c: 260: ADC1->TDRL |= (uint8_t)((uint8_t)0x01 << (uint8_t)ADC1_SchmittTriggerChannel);
      000115 1A 01            [ 1]  297 	or	a, (0x01, sp)
      000117 C7 54 07         [ 1]  298 	ld	0x5407, a
      00011A 20 28            [ 2]  299 	jra	00116$
      00011C                        300 00111$:
                                    301 ;	STM8S_StdPeriph_Lib/Libraries/STM8S_StdPeriph_Driver/src/stm8s_adc1.c: 244: ADC1->TDRH &= (uint8_t)0x0;
      00011C C6 54 06         [ 1]  302 	ld	a, 0x5406
      00011F 6B 02            [ 1]  303 	ld	(0x02, sp), a
                                    304 ;	STM8S_StdPeriph_Lib/Libraries/STM8S_StdPeriph_Driver/src/stm8s_adc1.c: 267: ADC1->TDRH &= (uint8_t)(~(uint8_t)((uint8_t)0x01 << ((uint8_t)ADC1_SchmittTriggerChannel - (uint8_t)8)));
      000121 7B 05            [ 1]  305 	ld	a, (0x05, sp)
      000123 A0 08            [ 1]  306 	sub	a, #0x08
      000125 97               [ 1]  307 	ld	xl, a
      000126 A6 01            [ 1]  308 	ld	a, #0x01
      000128 88               [ 1]  309 	push	a
      000129 9F               [ 1]  310 	ld	a, xl
      00012A 4D               [ 1]  311 	tnz	a
      00012B 27 05            [ 1]  312 	jreq	00152$
      00012D                        313 00151$:
      00012D 08 01            [ 1]  314 	sll	(1, sp)
      00012F 4A               [ 1]  315 	dec	a
      000130 26 FB            [ 1]  316 	jrne	00151$
      000132                        317 00152$:
      000132 84               [ 1]  318 	pop	a
                                    319 ;	STM8S_StdPeriph_Lib/Libraries/STM8S_StdPeriph_Driver/src/stm8s_adc1.c: 265: if (NewState != DISABLE)
      000133 0D 06            [ 1]  320 	tnz	(0x06, sp)
      000135 27 08            [ 1]  321 	jreq	00108$
                                    322 ;	STM8S_StdPeriph_Lib/Libraries/STM8S_StdPeriph_Driver/src/stm8s_adc1.c: 267: ADC1->TDRH &= (uint8_t)(~(uint8_t)((uint8_t)0x01 << ((uint8_t)ADC1_SchmittTriggerChannel - (uint8_t)8)));
      000137 43               [ 1]  323 	cpl	a
      000138 14 02            [ 1]  324 	and	a, (0x02, sp)
      00013A C7 54 06         [ 1]  325 	ld	0x5406, a
      00013D 20 05            [ 2]  326 	jra	00116$
      00013F                        327 00108$:
                                    328 ;	STM8S_StdPeriph_Lib/Libraries/STM8S_StdPeriph_Driver/src/stm8s_adc1.c: 271: ADC1->TDRH |= (uint8_t)((uint8_t)0x01 << ((uint8_t)ADC1_SchmittTriggerChannel - (uint8_t)8));
      00013F 1A 02            [ 1]  329 	or	a, (0x02, sp)
      000141 C7 54 06         [ 1]  330 	ld	0x5406, a
      000144                        331 00116$:
                                    332 ;	STM8S_StdPeriph_Lib/Libraries/STM8S_StdPeriph_Driver/src/stm8s_adc1.c: 274: }
      000144 5B 02            [ 2]  333 	addw	sp, #2
      000146 81               [ 4]  334 	ret
                                    335 ;	STM8S_StdPeriph_Lib/Libraries/STM8S_StdPeriph_Driver/src/stm8s_adc1.c: 286: void ADC1_ConversionConfig(ADC1_ConvMode_TypeDef ADC1_ConversionMode, ADC1_Channel_TypeDef ADC1_Channel, ADC1_Align_TypeDef ADC1_Align)
                                    336 ;	-----------------------------------------
                                    337 ;	 function ADC1_ConversionConfig
                                    338 ;	-----------------------------------------
      000147                        339 _ADC1_ConversionConfig:
                                    340 ;	STM8S_StdPeriph_Lib/Libraries/STM8S_StdPeriph_Driver/src/stm8s_adc1.c: 294: ADC1->CR2 &= (uint8_t)(~ADC1_CR2_ALIGN);
      000147 72 17 54 02      [ 1]  341 	bres	21506, #3
                                    342 ;	STM8S_StdPeriph_Lib/Libraries/STM8S_StdPeriph_Driver/src/stm8s_adc1.c: 296: ADC1->CR2 |= (uint8_t)(ADC1_Align);
      00014B C6 54 02         [ 1]  343 	ld	a, 0x5402
      00014E 1A 05            [ 1]  344 	or	a, (0x05, sp)
      000150 C7 54 02         [ 1]  345 	ld	0x5402, a
                                    346 ;	STM8S_StdPeriph_Lib/Libraries/STM8S_StdPeriph_Driver/src/stm8s_adc1.c: 301: ADC1->CR1 |= ADC1_CR1_CONT;
      000153 C6 54 01         [ 1]  347 	ld	a, 0x5401
                                    348 ;	STM8S_StdPeriph_Lib/Libraries/STM8S_StdPeriph_Driver/src/stm8s_adc1.c: 298: if (ADC1_ConversionMode == ADC1_CONVERSIONMODE_CONTINUOUS)
      000156 88               [ 1]  349 	push	a
      000157 7B 04            [ 1]  350 	ld	a, (0x04, sp)
      000159 4A               [ 1]  351 	dec	a
      00015A 84               [ 1]  352 	pop	a
      00015B 26 07            [ 1]  353 	jrne	00102$
                                    354 ;	STM8S_StdPeriph_Lib/Libraries/STM8S_StdPeriph_Driver/src/stm8s_adc1.c: 301: ADC1->CR1 |= ADC1_CR1_CONT;
      00015D AA 02            [ 1]  355 	or	a, #0x02
      00015F C7 54 01         [ 1]  356 	ld	0x5401, a
      000162 20 05            [ 2]  357 	jra	00103$
      000164                        358 00102$:
                                    359 ;	STM8S_StdPeriph_Lib/Libraries/STM8S_StdPeriph_Driver/src/stm8s_adc1.c: 306: ADC1->CR1 &= (uint8_t)(~ADC1_CR1_CONT);
      000164 A4 FD            [ 1]  360 	and	a, #0xfd
      000166 C7 54 01         [ 1]  361 	ld	0x5401, a
      000169                        362 00103$:
                                    363 ;	STM8S_StdPeriph_Lib/Libraries/STM8S_StdPeriph_Driver/src/stm8s_adc1.c: 310: ADC1->CSR &= (uint8_t)(~ADC1_CSR_CH);
      000169 C6 54 00         [ 1]  364 	ld	a, 0x5400
      00016C A4 F0            [ 1]  365 	and	a, #0xf0
      00016E C7 54 00         [ 1]  366 	ld	0x5400, a
                                    367 ;	STM8S_StdPeriph_Lib/Libraries/STM8S_StdPeriph_Driver/src/stm8s_adc1.c: 312: ADC1->CSR |= (uint8_t)(ADC1_Channel);
      000171 C6 54 00         [ 1]  368 	ld	a, 0x5400
      000174 1A 04            [ 1]  369 	or	a, (0x04, sp)
      000176 C7 54 00         [ 1]  370 	ld	0x5400, a
                                    371 ;	STM8S_StdPeriph_Lib/Libraries/STM8S_StdPeriph_Driver/src/stm8s_adc1.c: 313: }
      000179 81               [ 4]  372 	ret
                                    373 ;	STM8S_StdPeriph_Lib/Libraries/STM8S_StdPeriph_Driver/src/stm8s_adc1.c: 325: void ADC1_ExternalTriggerConfig(ADC1_ExtTrig_TypeDef ADC1_ExtTrigger, FunctionalState NewState)
                                    374 ;	-----------------------------------------
                                    375 ;	 function ADC1_ExternalTriggerConfig
                                    376 ;	-----------------------------------------
      00017A                        377 _ADC1_ExternalTriggerConfig:
                                    378 ;	STM8S_StdPeriph_Lib/Libraries/STM8S_StdPeriph_Driver/src/stm8s_adc1.c: 332: ADC1->CR2 &= (uint8_t)(~ADC1_CR2_EXTSEL);
      00017A C6 54 02         [ 1]  379 	ld	a, 0x5402
      00017D A4 CF            [ 1]  380 	and	a, #0xcf
      00017F C7 54 02         [ 1]  381 	ld	0x5402, a
      000182 C6 54 02         [ 1]  382 	ld	a, 0x5402
                                    383 ;	STM8S_StdPeriph_Lib/Libraries/STM8S_StdPeriph_Driver/src/stm8s_adc1.c: 334: if (NewState != DISABLE)
      000185 0D 04            [ 1]  384 	tnz	(0x04, sp)
      000187 27 07            [ 1]  385 	jreq	00102$
                                    386 ;	STM8S_StdPeriph_Lib/Libraries/STM8S_StdPeriph_Driver/src/stm8s_adc1.c: 337: ADC1->CR2 |= (uint8_t)(ADC1_CR2_EXTTRIG);
      000189 AA 40            [ 1]  387 	or	a, #0x40
      00018B C7 54 02         [ 1]  388 	ld	0x5402, a
      00018E 20 05            [ 2]  389 	jra	00103$
      000190                        390 00102$:
                                    391 ;	STM8S_StdPeriph_Lib/Libraries/STM8S_StdPeriph_Driver/src/stm8s_adc1.c: 342: ADC1->CR2 &= (uint8_t)(~ADC1_CR2_EXTTRIG);
      000190 A4 BF            [ 1]  392 	and	a, #0xbf
      000192 C7 54 02         [ 1]  393 	ld	0x5402, a
      000195                        394 00103$:
                                    395 ;	STM8S_StdPeriph_Lib/Libraries/STM8S_StdPeriph_Driver/src/stm8s_adc1.c: 346: ADC1->CR2 |= (uint8_t)(ADC1_ExtTrigger);
      000195 C6 54 02         [ 1]  396 	ld	a, 0x5402
      000198 1A 03            [ 1]  397 	or	a, (0x03, sp)
      00019A C7 54 02         [ 1]  398 	ld	0x5402, a
                                    399 ;	STM8S_StdPeriph_Lib/Libraries/STM8S_StdPeriph_Driver/src/stm8s_adc1.c: 347: }
      00019D 81               [ 4]  400 	ret
                                    401 ;	STM8S_StdPeriph_Lib/Libraries/STM8S_StdPeriph_Driver/src/stm8s_adc1.c: 358: void ADC1_StartConversion(void)
                                    402 ;	-----------------------------------------
                                    403 ;	 function ADC1_StartConversion
                                    404 ;	-----------------------------------------
      00019E                        405 _ADC1_StartConversion:
                                    406 ;	STM8S_StdPeriph_Lib/Libraries/STM8S_StdPeriph_Driver/src/stm8s_adc1.c: 360: ADC1->CR1 |= ADC1_CR1_ADON;
      00019E 72 10 54 01      [ 1]  407 	bset	21505, #0
                                    408 ;	STM8S_StdPeriph_Lib/Libraries/STM8S_StdPeriph_Driver/src/stm8s_adc1.c: 361: }
      0001A2 81               [ 4]  409 	ret
                                    410 ;	STM8S_StdPeriph_Lib/Libraries/STM8S_StdPeriph_Driver/src/stm8s_adc1.c: 370: uint16_t ADC1_GetConversionValue(void)
                                    411 ;	-----------------------------------------
                                    412 ;	 function ADC1_GetConversionValue
                                    413 ;	-----------------------------------------
      0001A3                        414 _ADC1_GetConversionValue:
      0001A3 52 08            [ 2]  415 	sub	sp, #8
                                    416 ;	STM8S_StdPeriph_Lib/Libraries/STM8S_StdPeriph_Driver/src/stm8s_adc1.c: 375: if ((ADC1->CR2 & ADC1_CR2_ALIGN) != 0) /* Right alignment */
      0001A5 C6 54 02         [ 1]  417 	ld	a, 0x5402
      0001A8 A5 08            [ 1]  418 	bcp	a, #0x08
      0001AA 27 15            [ 1]  419 	jreq	00102$
                                    420 ;	STM8S_StdPeriph_Lib/Libraries/STM8S_StdPeriph_Driver/src/stm8s_adc1.c: 378: templ = ADC1->DRL;
      0001AC C6 54 05         [ 1]  421 	ld	a, 0x5405
      0001AF 97               [ 1]  422 	ld	xl, a
                                    423 ;	STM8S_StdPeriph_Lib/Libraries/STM8S_StdPeriph_Driver/src/stm8s_adc1.c: 380: temph = ADC1->DRH;
      0001B0 C6 54 04         [ 1]  424 	ld	a, 0x5404
                                    425 ;	STM8S_StdPeriph_Lib/Libraries/STM8S_StdPeriph_Driver/src/stm8s_adc1.c: 382: temph = (uint16_t)(templ | (uint16_t)(temph << (uint8_t)8));
      0001B3 0F 04            [ 1]  426 	clr	(0x04, sp)
      0001B5 0F 01            [ 1]  427 	clr	(0x01, sp)
      0001B7 1A 01            [ 1]  428 	or	a, (0x01, sp)
      0001B9 01               [ 1]  429 	rrwa	x
      0001BA 1A 04            [ 1]  430 	or	a, (0x04, sp)
      0001BC 97               [ 1]  431 	ld	xl, a
      0001BD 1F 07            [ 2]  432 	ldw	(0x07, sp), x
      0001BF 20 1D            [ 2]  433 	jra	00103$
      0001C1                        434 00102$:
                                    435 ;	STM8S_StdPeriph_Lib/Libraries/STM8S_StdPeriph_Driver/src/stm8s_adc1.c: 387: temph = ADC1->DRH;
      0001C1 C6 54 04         [ 1]  436 	ld	a, 0x5404
      0001C4 5F               [ 1]  437 	clrw	x
      0001C5 97               [ 1]  438 	ld	xl, a
      0001C6 51               [ 1]  439 	exgw	x, y
                                    440 ;	STM8S_StdPeriph_Lib/Libraries/STM8S_StdPeriph_Driver/src/stm8s_adc1.c: 389: templ = ADC1->DRL;
      0001C7 C6 54 05         [ 1]  441 	ld	a, 0x5405
                                    442 ;	STM8S_StdPeriph_Lib/Libraries/STM8S_StdPeriph_Driver/src/stm8s_adc1.c: 391: temph = (uint16_t)((uint16_t)((uint16_t)templ << 6) | (uint16_t)((uint16_t)temph << 8));
      0001CA 5F               [ 1]  443 	clrw	x
      0001CB 97               [ 1]  444 	ld	xl, a
      0001CC 58               [ 2]  445 	sllw	x
      0001CD 58               [ 2]  446 	sllw	x
      0001CE 58               [ 2]  447 	sllw	x
      0001CF 58               [ 2]  448 	sllw	x
      0001D0 58               [ 2]  449 	sllw	x
      0001D1 58               [ 2]  450 	sllw	x
      0001D2 1F 05            [ 2]  451 	ldw	(0x05, sp), x
      0001D4 7B 06            [ 1]  452 	ld	a, (0x06, sp)
      0001D6 97               [ 1]  453 	ld	xl, a
      0001D7 90 9F            [ 1]  454 	ld	a, yl
      0001D9 1A 05            [ 1]  455 	or	a, (0x05, sp)
      0001DB 95               [ 1]  456 	ld	xh, a
      0001DC 1F 07            [ 2]  457 	ldw	(0x07, sp), x
      0001DE                        458 00103$:
                                    459 ;	STM8S_StdPeriph_Lib/Libraries/STM8S_StdPeriph_Driver/src/stm8s_adc1.c: 394: return ((uint16_t)temph);
      0001DE 1E 07            [ 2]  460 	ldw	x, (0x07, sp)
                                    461 ;	STM8S_StdPeriph_Lib/Libraries/STM8S_StdPeriph_Driver/src/stm8s_adc1.c: 395: }
      0001E0 5B 08            [ 2]  462 	addw	sp, #8
      0001E2 81               [ 4]  463 	ret
                                    464 ;	STM8S_StdPeriph_Lib/Libraries/STM8S_StdPeriph_Driver/src/stm8s_adc1.c: 405: void ADC1_AWDChannelConfig(ADC1_Channel_TypeDef Channel, FunctionalState NewState)
                                    465 ;	-----------------------------------------
                                    466 ;	 function ADC1_AWDChannelConfig
                                    467 ;	-----------------------------------------
      0001E3                        468 _ADC1_AWDChannelConfig:
      0001E3 52 02            [ 2]  469 	sub	sp, #2
                                    470 ;	STM8S_StdPeriph_Lib/Libraries/STM8S_StdPeriph_Driver/src/stm8s_adc1.c: 411: if (Channel < (uint8_t)8)
      0001E5 7B 05            [ 1]  471 	ld	a, (0x05, sp)
      0001E7 A1 08            [ 1]  472 	cp	a, #0x08
      0001E9 24 25            [ 1]  473 	jrnc	00108$
                                    474 ;	STM8S_StdPeriph_Lib/Libraries/STM8S_StdPeriph_Driver/src/stm8s_adc1.c: 415: ADC1->AWCRL |= (uint8_t)((uint8_t)1 << Channel);
      0001EB C6 54 0F         [ 1]  475 	ld	a, 0x540f
      0001EE 6B 01            [ 1]  476 	ld	(0x01, sp), a
      0001F0 A6 01            [ 1]  477 	ld	a, #0x01
      0001F2 88               [ 1]  478 	push	a
      0001F3 7B 06            [ 1]  479 	ld	a, (0x06, sp)
      0001F5 27 05            [ 1]  480 	jreq	00129$
      0001F7                        481 00128$:
      0001F7 08 01            [ 1]  482 	sll	(1, sp)
      0001F9 4A               [ 1]  483 	dec	a
      0001FA 26 FB            [ 1]  484 	jrne	00128$
      0001FC                        485 00129$:
      0001FC 84               [ 1]  486 	pop	a
                                    487 ;	STM8S_StdPeriph_Lib/Libraries/STM8S_StdPeriph_Driver/src/stm8s_adc1.c: 413: if (NewState != DISABLE)
      0001FD 0D 06            [ 1]  488 	tnz	(0x06, sp)
      0001FF 27 07            [ 1]  489 	jreq	00102$
                                    490 ;	STM8S_StdPeriph_Lib/Libraries/STM8S_StdPeriph_Driver/src/stm8s_adc1.c: 415: ADC1->AWCRL |= (uint8_t)((uint8_t)1 << Channel);
      000201 1A 01            [ 1]  491 	or	a, (0x01, sp)
      000203 C7 54 0F         [ 1]  492 	ld	0x540f, a
      000206 20 30            [ 2]  493 	jra	00110$
      000208                        494 00102$:
                                    495 ;	STM8S_StdPeriph_Lib/Libraries/STM8S_StdPeriph_Driver/src/stm8s_adc1.c: 419: ADC1->AWCRL &= (uint8_t)~(uint8_t)((uint8_t)1 << Channel);
      000208 43               [ 1]  496 	cpl	a
      000209 14 01            [ 1]  497 	and	a, (0x01, sp)
      00020B C7 54 0F         [ 1]  498 	ld	0x540f, a
      00020E 20 28            [ 2]  499 	jra	00110$
      000210                        500 00108$:
                                    501 ;	STM8S_StdPeriph_Lib/Libraries/STM8S_StdPeriph_Driver/src/stm8s_adc1.c: 426: ADC1->AWCRH |= (uint8_t)((uint8_t)1 << (Channel - (uint8_t)8));
      000210 C6 54 0E         [ 1]  502 	ld	a, 0x540e
      000213 6B 02            [ 1]  503 	ld	(0x02, sp), a
      000215 7B 05            [ 1]  504 	ld	a, (0x05, sp)
      000217 A0 08            [ 1]  505 	sub	a, #0x08
      000219 97               [ 1]  506 	ld	xl, a
      00021A A6 01            [ 1]  507 	ld	a, #0x01
      00021C 88               [ 1]  508 	push	a
      00021D 9F               [ 1]  509 	ld	a, xl
      00021E 4D               [ 1]  510 	tnz	a
      00021F 27 05            [ 1]  511 	jreq	00132$
      000221                        512 00131$:
      000221 08 01            [ 1]  513 	sll	(1, sp)
      000223 4A               [ 1]  514 	dec	a
      000224 26 FB            [ 1]  515 	jrne	00131$
      000226                        516 00132$:
      000226 84               [ 1]  517 	pop	a
                                    518 ;	STM8S_StdPeriph_Lib/Libraries/STM8S_StdPeriph_Driver/src/stm8s_adc1.c: 424: if (NewState != DISABLE)
      000227 0D 06            [ 1]  519 	tnz	(0x06, sp)
      000229 27 07            [ 1]  520 	jreq	00105$
                                    521 ;	STM8S_StdPeriph_Lib/Libraries/STM8S_StdPeriph_Driver/src/stm8s_adc1.c: 426: ADC1->AWCRH |= (uint8_t)((uint8_t)1 << (Channel - (uint8_t)8));
      00022B 1A 02            [ 1]  522 	or	a, (0x02, sp)
      00022D C7 54 0E         [ 1]  523 	ld	0x540e, a
      000230 20 06            [ 2]  524 	jra	00110$
      000232                        525 00105$:
                                    526 ;	STM8S_StdPeriph_Lib/Libraries/STM8S_StdPeriph_Driver/src/stm8s_adc1.c: 430: ADC1->AWCRH &= (uint8_t)~(uint8_t)((uint8_t)1 << (uint8_t)(Channel - (uint8_t)8));
      000232 43               [ 1]  527 	cpl	a
      000233 14 02            [ 1]  528 	and	a, (0x02, sp)
      000235 C7 54 0E         [ 1]  529 	ld	0x540e, a
      000238                        530 00110$:
                                    531 ;	STM8S_StdPeriph_Lib/Libraries/STM8S_StdPeriph_Driver/src/stm8s_adc1.c: 433: }
      000238 5B 02            [ 2]  532 	addw	sp, #2
      00023A 81               [ 4]  533 	ret
                                    534 ;	STM8S_StdPeriph_Lib/Libraries/STM8S_StdPeriph_Driver/src/stm8s_adc1.c: 441: void ADC1_SetHighThreshold(uint16_t Threshold)
                                    535 ;	-----------------------------------------
                                    536 ;	 function ADC1_SetHighThreshold
                                    537 ;	-----------------------------------------
      00023B                        538 _ADC1_SetHighThreshold:
                                    539 ;	STM8S_StdPeriph_Lib/Libraries/STM8S_StdPeriph_Driver/src/stm8s_adc1.c: 443: ADC1->HTRH = (uint8_t)(Threshold >> (uint8_t)2);
      00023B 1E 03            [ 2]  540 	ldw	x, (0x03, sp)
      00023D 54               [ 2]  541 	srlw	x
      00023E 54               [ 2]  542 	srlw	x
      00023F 9F               [ 1]  543 	ld	a, xl
      000240 C7 54 08         [ 1]  544 	ld	0x5408, a
                                    545 ;	STM8S_StdPeriph_Lib/Libraries/STM8S_StdPeriph_Driver/src/stm8s_adc1.c: 444: ADC1->HTRL = (uint8_t)Threshold;
      000243 7B 04            [ 1]  546 	ld	a, (0x04, sp)
      000245 C7 54 09         [ 1]  547 	ld	0x5409, a
                                    548 ;	STM8S_StdPeriph_Lib/Libraries/STM8S_StdPeriph_Driver/src/stm8s_adc1.c: 445: }
      000248 81               [ 4]  549 	ret
                                    550 ;	STM8S_StdPeriph_Lib/Libraries/STM8S_StdPeriph_Driver/src/stm8s_adc1.c: 453: void ADC1_SetLowThreshold(uint16_t Threshold)
                                    551 ;	-----------------------------------------
                                    552 ;	 function ADC1_SetLowThreshold
                                    553 ;	-----------------------------------------
      000249                        554 _ADC1_SetLowThreshold:
                                    555 ;	STM8S_StdPeriph_Lib/Libraries/STM8S_StdPeriph_Driver/src/stm8s_adc1.c: 455: ADC1->LTRL = (uint8_t)Threshold;
      000249 7B 04            [ 1]  556 	ld	a, (0x04, sp)
      00024B C7 54 0B         [ 1]  557 	ld	0x540b, a
                                    558 ;	STM8S_StdPeriph_Lib/Libraries/STM8S_StdPeriph_Driver/src/stm8s_adc1.c: 456: ADC1->LTRH = (uint8_t)(Threshold >> (uint8_t)2);
      00024E 1E 03            [ 2]  559 	ldw	x, (0x03, sp)
      000250 54               [ 2]  560 	srlw	x
      000251 54               [ 2]  561 	srlw	x
      000252 9F               [ 1]  562 	ld	a, xl
      000253 C7 54 0A         [ 1]  563 	ld	0x540a, a
                                    564 ;	STM8S_StdPeriph_Lib/Libraries/STM8S_StdPeriph_Driver/src/stm8s_adc1.c: 457: }
      000256 81               [ 4]  565 	ret
                                    566 ;	STM8S_StdPeriph_Lib/Libraries/STM8S_StdPeriph_Driver/src/stm8s_adc1.c: 466: uint16_t ADC1_GetBufferValue(uint8_t Buffer)
                                    567 ;	-----------------------------------------
                                    568 ;	 function ADC1_GetBufferValue
                                    569 ;	-----------------------------------------
      000257                        570 _ADC1_GetBufferValue:
      000257 52 0B            [ 2]  571 	sub	sp, #11
                                    572 ;	STM8S_StdPeriph_Lib/Libraries/STM8S_StdPeriph_Driver/src/stm8s_adc1.c: 474: if ((ADC1->CR2 & ADC1_CR2_ALIGN) != 0) /* Right alignment */
      000259 C6 54 02         [ 1]  573 	ld	a, 0x5402
      00025C 6B 09            [ 1]  574 	ld	(0x09, sp), a
                                    575 ;	STM8S_StdPeriph_Lib/Libraries/STM8S_StdPeriph_Driver/src/stm8s_adc1.c: 477: templ = *(uint8_t*)(uint16_t)((uint16_t)ADC1_BaseAddress + (uint8_t)(Buffer << 1) + 1);
      00025E 7B 0E            [ 1]  576 	ld	a, (0x0e, sp)
      000260 48               [ 1]  577 	sll	a
      000261 5F               [ 1]  578 	clrw	x
      000262 97               [ 1]  579 	ld	xl, a
      000263 51               [ 1]  580 	exgw	x, y
      000264 93               [ 1]  581 	ldw	x, y
      000265 1C 53 E1         [ 2]  582 	addw	x, #0x53e1
                                    583 ;	STM8S_StdPeriph_Lib/Libraries/STM8S_StdPeriph_Driver/src/stm8s_adc1.c: 479: temph = *(uint8_t*)(uint16_t)((uint16_t)ADC1_BaseAddress + (uint8_t)(Buffer << 1));
      000268 72 A9 53 E0      [ 2]  584 	addw	y, #0x53e0
                                    585 ;	STM8S_StdPeriph_Lib/Libraries/STM8S_StdPeriph_Driver/src/stm8s_adc1.c: 477: templ = *(uint8_t*)(uint16_t)((uint16_t)ADC1_BaseAddress + (uint8_t)(Buffer << 1) + 1);
                                    586 ;	STM8S_StdPeriph_Lib/Libraries/STM8S_StdPeriph_Driver/src/stm8s_adc1.c: 479: temph = *(uint8_t*)(uint16_t)((uint16_t)ADC1_BaseAddress + (uint8_t)(Buffer << 1));
                                    587 ;	STM8S_StdPeriph_Lib/Libraries/STM8S_StdPeriph_Driver/src/stm8s_adc1.c: 477: templ = *(uint8_t*)(uint16_t)((uint16_t)ADC1_BaseAddress + (uint8_t)(Buffer << 1) + 1);
      00026C F6               [ 1]  588 	ld	a, (x)
      00026D 97               [ 1]  589 	ld	xl, a
                                    590 ;	STM8S_StdPeriph_Lib/Libraries/STM8S_StdPeriph_Driver/src/stm8s_adc1.c: 479: temph = *(uint8_t*)(uint16_t)((uint16_t)ADC1_BaseAddress + (uint8_t)(Buffer << 1));
      00026E 90 F6            [ 1]  591 	ld	a, (y)
                                    592 ;	STM8S_StdPeriph_Lib/Libraries/STM8S_StdPeriph_Driver/src/stm8s_adc1.c: 474: if ((ADC1->CR2 & ADC1_CR2_ALIGN) != 0) /* Right alignment */
      000270 88               [ 1]  593 	push	a
      000271 7B 0A            [ 1]  594 	ld	a, (0x0a, sp)
      000273 A5 08            [ 1]  595 	bcp	a, #0x08
      000275 84               [ 1]  596 	pop	a
      000276 27 0E            [ 1]  597 	jreq	00102$
                                    598 ;	STM8S_StdPeriph_Lib/Libraries/STM8S_StdPeriph_Driver/src/stm8s_adc1.c: 477: templ = *(uint8_t*)(uint16_t)((uint16_t)ADC1_BaseAddress + (uint8_t)(Buffer << 1) + 1);
                                    599 ;	STM8S_StdPeriph_Lib/Libraries/STM8S_StdPeriph_Driver/src/stm8s_adc1.c: 479: temph = *(uint8_t*)(uint16_t)((uint16_t)ADC1_BaseAddress + (uint8_t)(Buffer << 1));
                                    600 ;	STM8S_StdPeriph_Lib/Libraries/STM8S_StdPeriph_Driver/src/stm8s_adc1.c: 481: temph = (uint16_t)(templ | (uint16_t)(temph << (uint8_t)8));
      000278 0F 04            [ 1]  601 	clr	(0x04, sp)
      00027A 0F 0A            [ 1]  602 	clr	(0x0a, sp)
      00027C 1A 0A            [ 1]  603 	or	a, (0x0a, sp)
      00027E 01               [ 1]  604 	rrwa	x
      00027F 1A 04            [ 1]  605 	or	a, (0x04, sp)
      000281 97               [ 1]  606 	ld	xl, a
      000282 1F 01            [ 2]  607 	ldw	(0x01, sp), x
      000284 20 19            [ 2]  608 	jra	00103$
      000286                        609 00102$:
                                    610 ;	STM8S_StdPeriph_Lib/Libraries/STM8S_StdPeriph_Driver/src/stm8s_adc1.c: 486: temph = *(uint8_t*)(uint16_t)((uint16_t)ADC1_BaseAddress + (uint8_t)(Buffer << 1));
                                    611 ;	STM8S_StdPeriph_Lib/Libraries/STM8S_StdPeriph_Driver/src/stm8s_adc1.c: 488: templ = *(uint8_t*)(uint16_t)((uint16_t)ADC1_BaseAddress + (uint8_t)(Buffer << 1) + 1);
                                    612 ;	STM8S_StdPeriph_Lib/Libraries/STM8S_StdPeriph_Driver/src/stm8s_adc1.c: 490: temph = (uint16_t)((uint16_t)((uint16_t)templ << 6) | (uint16_t)(temph << 8));
      000286 02               [ 1]  613 	rlwa	x
      000287 4F               [ 1]  614 	clr	a
      000288 01               [ 1]  615 	rrwa	x
      000289 58               [ 2]  616 	sllw	x
      00028A 58               [ 2]  617 	sllw	x
      00028B 58               [ 2]  618 	sllw	x
      00028C 58               [ 2]  619 	sllw	x
      00028D 58               [ 2]  620 	sllw	x
      00028E 58               [ 2]  621 	sllw	x
      00028F 1F 05            [ 2]  622 	ldw	(0x05, sp), x
      000291 97               [ 1]  623 	ld	xl, a
      000292 7B 06            [ 1]  624 	ld	a, (0x06, sp)
      000294 6B 08            [ 1]  625 	ld	(0x08, sp), a
      000296 9F               [ 1]  626 	ld	a, xl
      000297 1A 05            [ 1]  627 	or	a, (0x05, sp)
      000299 6B 01            [ 1]  628 	ld	(0x01, sp), a
      00029B 7B 08            [ 1]  629 	ld	a, (0x08, sp)
      00029D 6B 02            [ 1]  630 	ld	(0x02, sp), a
      00029F                        631 00103$:
                                    632 ;	STM8S_StdPeriph_Lib/Libraries/STM8S_StdPeriph_Driver/src/stm8s_adc1.c: 493: return ((uint16_t)temph);
      00029F 1E 01            [ 2]  633 	ldw	x, (0x01, sp)
                                    634 ;	STM8S_StdPeriph_Lib/Libraries/STM8S_StdPeriph_Driver/src/stm8s_adc1.c: 494: }
      0002A1 5B 0B            [ 2]  635 	addw	sp, #11
      0002A3 81               [ 4]  636 	ret
                                    637 ;	STM8S_StdPeriph_Lib/Libraries/STM8S_StdPeriph_Driver/src/stm8s_adc1.c: 502: FlagStatus ADC1_GetAWDChannelStatus(ADC1_Channel_TypeDef Channel)
                                    638 ;	-----------------------------------------
                                    639 ;	 function ADC1_GetAWDChannelStatus
                                    640 ;	-----------------------------------------
      0002A4                        641 _ADC1_GetAWDChannelStatus:
      0002A4 52 02            [ 2]  642 	sub	sp, #2
                                    643 ;	STM8S_StdPeriph_Lib/Libraries/STM8S_StdPeriph_Driver/src/stm8s_adc1.c: 509: if (Channel < (uint8_t)8)
      0002A6 7B 05            [ 1]  644 	ld	a, (0x05, sp)
      0002A8 A1 08            [ 1]  645 	cp	a, #0x08
      0002AA 24 16            [ 1]  646 	jrnc	00102$
                                    647 ;	STM8S_StdPeriph_Lib/Libraries/STM8S_StdPeriph_Driver/src/stm8s_adc1.c: 511: status = (uint8_t)(ADC1->AWSRL & (uint8_t)((uint8_t)1 << Channel));
      0002AC C6 54 0D         [ 1]  648 	ld	a, 0x540d
      0002AF 88               [ 1]  649 	push	a
      0002B0 A6 01            [ 1]  650 	ld	a, #0x01
      0002B2 6B 03            [ 1]  651 	ld	(0x03, sp), a
      0002B4 7B 06            [ 1]  652 	ld	a, (0x06, sp)
      0002B6 27 05            [ 1]  653 	jreq	00113$
      0002B8                        654 00112$:
      0002B8 08 03            [ 1]  655 	sll	(0x03, sp)
      0002BA 4A               [ 1]  656 	dec	a
      0002BB 26 FB            [ 1]  657 	jrne	00112$
      0002BD                        658 00113$:
      0002BD 84               [ 1]  659 	pop	a
      0002BE 14 02            [ 1]  660 	and	a, (0x02, sp)
      0002C0 20 19            [ 2]  661 	jra	00103$
      0002C2                        662 00102$:
                                    663 ;	STM8S_StdPeriph_Lib/Libraries/STM8S_StdPeriph_Driver/src/stm8s_adc1.c: 515: status = (uint8_t)(ADC1->AWSRH & (uint8_t)((uint8_t)1 << (Channel - (uint8_t)8)));
      0002C2 C6 54 0C         [ 1]  664 	ld	a, 0x540c
      0002C5 97               [ 1]  665 	ld	xl, a
      0002C6 7B 05            [ 1]  666 	ld	a, (0x05, sp)
      0002C8 A0 08            [ 1]  667 	sub	a, #0x08
      0002CA 88               [ 1]  668 	push	a
      0002CB A6 01            [ 1]  669 	ld	a, #0x01
      0002CD 6B 02            [ 1]  670 	ld	(0x02, sp), a
      0002CF 84               [ 1]  671 	pop	a
      0002D0 4D               [ 1]  672 	tnz	a
      0002D1 27 05            [ 1]  673 	jreq	00115$
      0002D3                        674 00114$:
      0002D3 08 01            [ 1]  675 	sll	(0x01, sp)
      0002D5 4A               [ 1]  676 	dec	a
      0002D6 26 FB            [ 1]  677 	jrne	00114$
      0002D8                        678 00115$:
      0002D8 9F               [ 1]  679 	ld	a, xl
      0002D9 14 01            [ 1]  680 	and	a, (0x01, sp)
      0002DB                        681 00103$:
                                    682 ;	STM8S_StdPeriph_Lib/Libraries/STM8S_StdPeriph_Driver/src/stm8s_adc1.c: 518: return ((FlagStatus)status);
                                    683 ;	STM8S_StdPeriph_Lib/Libraries/STM8S_StdPeriph_Driver/src/stm8s_adc1.c: 519: }
      0002DB 5B 02            [ 2]  684 	addw	sp, #2
      0002DD 81               [ 4]  685 	ret
                                    686 ;	STM8S_StdPeriph_Lib/Libraries/STM8S_StdPeriph_Driver/src/stm8s_adc1.c: 527: FlagStatus ADC1_GetFlagStatus(ADC1_Flag_TypeDef Flag)
                                    687 ;	-----------------------------------------
                                    688 ;	 function ADC1_GetFlagStatus
                                    689 ;	-----------------------------------------
      0002DE                        690 _ADC1_GetFlagStatus:
      0002DE 52 04            [ 2]  691 	sub	sp, #4
                                    692 ;	STM8S_StdPeriph_Lib/Libraries/STM8S_StdPeriph_Driver/src/stm8s_adc1.c: 535: if ((Flag & 0x0F) == 0x01)
      0002E0 7B 07            [ 1]  693 	ld	a, (0x07, sp)
      0002E2 6B 03            [ 1]  694 	ld	(0x03, sp), a
      0002E4 0F 02            [ 1]  695 	clr	(0x02, sp)
      0002E6 7B 03            [ 1]  696 	ld	a, (0x03, sp)
      0002E8 A4 0F            [ 1]  697 	and	a, #0x0f
      0002EA 97               [ 1]  698 	ld	xl, a
      0002EB 4F               [ 1]  699 	clr	a
      0002EC 95               [ 1]  700 	ld	xh, a
      0002ED 5A               [ 2]  701 	decw	x
      0002EE 26 07            [ 1]  702 	jrne	00108$
                                    703 ;	STM8S_StdPeriph_Lib/Libraries/STM8S_StdPeriph_Driver/src/stm8s_adc1.c: 538: flagstatus = (uint8_t)(ADC1->CR3 & ADC1_CR3_OVR);
      0002F0 C6 54 03         [ 1]  704 	ld	a, 0x5403
      0002F3 A4 40            [ 1]  705 	and	a, #0x40
      0002F5 20 49            [ 2]  706 	jra	00109$
      0002F7                        707 00108$:
                                    708 ;	STM8S_StdPeriph_Lib/Libraries/STM8S_StdPeriph_Driver/src/stm8s_adc1.c: 540: else if ((Flag & 0xF0) == 0x10)
      0002F7 7B 03            [ 1]  709 	ld	a, (0x03, sp)
      0002F9 A4 F0            [ 1]  710 	and	a, #0xf0
      0002FB 97               [ 1]  711 	ld	xl, a
      0002FC 4F               [ 1]  712 	clr	a
      0002FD 95               [ 1]  713 	ld	xh, a
      0002FE A3 00 10         [ 2]  714 	cpw	x, #0x0010
      000301 26 38            [ 1]  715 	jrne	00105$
                                    716 ;	STM8S_StdPeriph_Lib/Libraries/STM8S_StdPeriph_Driver/src/stm8s_adc1.c: 543: temp = (uint8_t)(Flag & (uint8_t)0x0F);
      000303 7B 07            [ 1]  717 	ld	a, (0x07, sp)
      000305 A4 0F            [ 1]  718 	and	a, #0x0f
                                    719 ;	STM8S_StdPeriph_Lib/Libraries/STM8S_StdPeriph_Driver/src/stm8s_adc1.c: 544: if (temp < 8)
      000307 97               [ 1]  720 	ld	xl, a
      000308 A1 08            [ 1]  721 	cp	a, #0x08
      00030A 24 16            [ 1]  722 	jrnc	00102$
                                    723 ;	STM8S_StdPeriph_Lib/Libraries/STM8S_StdPeriph_Driver/src/stm8s_adc1.c: 546: flagstatus = (uint8_t)(ADC1->AWSRL & (uint8_t)((uint8_t)1 << temp));
      00030C C6 54 0D         [ 1]  724 	ld	a, 0x540d
      00030F 6B 04            [ 1]  725 	ld	(0x04, sp), a
      000311 A6 01            [ 1]  726 	ld	a, #0x01
      000313 88               [ 1]  727 	push	a
      000314 9F               [ 1]  728 	ld	a, xl
      000315 4D               [ 1]  729 	tnz	a
      000316 27 05            [ 1]  730 	jreq	00135$
      000318                        731 00134$:
      000318 08 01            [ 1]  732 	sll	(1, sp)
      00031A 4A               [ 1]  733 	dec	a
      00031B 26 FB            [ 1]  734 	jrne	00134$
      00031D                        735 00135$:
      00031D 84               [ 1]  736 	pop	a
      00031E 14 04            [ 1]  737 	and	a, (0x04, sp)
      000320 20 1E            [ 2]  738 	jra	00109$
      000322                        739 00102$:
                                    740 ;	STM8S_StdPeriph_Lib/Libraries/STM8S_StdPeriph_Driver/src/stm8s_adc1.c: 550: flagstatus = (uint8_t)(ADC1->AWSRH & (uint8_t)((uint8_t)1 << (temp - 8)));
      000322 C6 54 0C         [ 1]  741 	ld	a, 0x540c
      000325 6B 01            [ 1]  742 	ld	(0x01, sp), a
      000327 1D 00 08         [ 2]  743 	subw	x, #8
      00032A A6 01            [ 1]  744 	ld	a, #0x01
      00032C 88               [ 1]  745 	push	a
      00032D 9F               [ 1]  746 	ld	a, xl
      00032E 4D               [ 1]  747 	tnz	a
      00032F 27 05            [ 1]  748 	jreq	00137$
      000331                        749 00136$:
      000331 08 01            [ 1]  750 	sll	(1, sp)
      000333 4A               [ 1]  751 	dec	a
      000334 26 FB            [ 1]  752 	jrne	00136$
      000336                        753 00137$:
      000336 84               [ 1]  754 	pop	a
      000337 14 01            [ 1]  755 	and	a, (0x01, sp)
      000339 20 05            [ 2]  756 	jra	00109$
      00033B                        757 00105$:
                                    758 ;	STM8S_StdPeriph_Lib/Libraries/STM8S_StdPeriph_Driver/src/stm8s_adc1.c: 555: flagstatus = (uint8_t)(ADC1->CSR & Flag);
      00033B C6 54 00         [ 1]  759 	ld	a, 0x5400
      00033E 14 07            [ 1]  760 	and	a, (0x07, sp)
      000340                        761 00109$:
                                    762 ;	STM8S_StdPeriph_Lib/Libraries/STM8S_StdPeriph_Driver/src/stm8s_adc1.c: 557: return ((FlagStatus)flagstatus);
                                    763 ;	STM8S_StdPeriph_Lib/Libraries/STM8S_StdPeriph_Driver/src/stm8s_adc1.c: 559: }
      000340 5B 04            [ 2]  764 	addw	sp, #4
      000342 81               [ 4]  765 	ret
                                    766 ;	STM8S_StdPeriph_Lib/Libraries/STM8S_StdPeriph_Driver/src/stm8s_adc1.c: 567: void ADC1_ClearFlag(ADC1_Flag_TypeDef Flag)
                                    767 ;	-----------------------------------------
                                    768 ;	 function ADC1_ClearFlag
                                    769 ;	-----------------------------------------
      000343                        770 _ADC1_ClearFlag:
      000343 52 05            [ 2]  771 	sub	sp, #5
                                    772 ;	STM8S_StdPeriph_Lib/Libraries/STM8S_StdPeriph_Driver/src/stm8s_adc1.c: 574: if ((Flag & 0x0F) == 0x01)
      000345 7B 08            [ 1]  773 	ld	a, (0x08, sp)
      000347 0F 04            [ 1]  774 	clr	(0x04, sp)
      000349 88               [ 1]  775 	push	a
      00034A A4 0F            [ 1]  776 	and	a, #0x0f
      00034C 97               [ 1]  777 	ld	xl, a
      00034D 4F               [ 1]  778 	clr	a
      00034E 95               [ 1]  779 	ld	xh, a
      00034F 84               [ 1]  780 	pop	a
      000350 5A               [ 2]  781 	decw	x
      000351 26 06            [ 1]  782 	jrne	00108$
                                    783 ;	STM8S_StdPeriph_Lib/Libraries/STM8S_StdPeriph_Driver/src/stm8s_adc1.c: 577: ADC1->CR3 &= (uint8_t)(~ADC1_CR3_OVR);
      000353 72 1D 54 03      [ 1]  784 	bres	21507, #6
      000357 20 57            [ 2]  785 	jra	00110$
      000359                        786 00108$:
                                    787 ;	STM8S_StdPeriph_Lib/Libraries/STM8S_StdPeriph_Driver/src/stm8s_adc1.c: 579: else if ((Flag & 0xF0) == 0x10)
      000359 A4 F0            [ 1]  788 	and	a, #0xf0
      00035B 97               [ 1]  789 	ld	xl, a
      00035C 4F               [ 1]  790 	clr	a
      00035D 95               [ 1]  791 	ld	xh, a
      00035E A3 00 10         [ 2]  792 	cpw	x, #0x0010
      000361 26 40            [ 1]  793 	jrne	00105$
                                    794 ;	STM8S_StdPeriph_Lib/Libraries/STM8S_StdPeriph_Driver/src/stm8s_adc1.c: 582: temp = (uint8_t)(Flag & (uint8_t)0x0F);
      000363 7B 08            [ 1]  795 	ld	a, (0x08, sp)
      000365 A4 0F            [ 1]  796 	and	a, #0x0f
                                    797 ;	STM8S_StdPeriph_Lib/Libraries/STM8S_StdPeriph_Driver/src/stm8s_adc1.c: 583: if (temp < 8)
      000367 97               [ 1]  798 	ld	xl, a
      000368 A1 08            [ 1]  799 	cp	a, #0x08
      00036A 24 1A            [ 1]  800 	jrnc	00102$
                                    801 ;	STM8S_StdPeriph_Lib/Libraries/STM8S_StdPeriph_Driver/src/stm8s_adc1.c: 585: ADC1->AWSRL &= (uint8_t)~(uint8_t)((uint8_t)1 << temp);
      00036C C6 54 0D         [ 1]  802 	ld	a, 0x540d
      00036F 6B 03            [ 1]  803 	ld	(0x03, sp), a
      000371 A6 01            [ 1]  804 	ld	a, #0x01
      000373 88               [ 1]  805 	push	a
      000374 9F               [ 1]  806 	ld	a, xl
      000375 4D               [ 1]  807 	tnz	a
      000376 27 05            [ 1]  808 	jreq	00135$
      000378                        809 00134$:
      000378 08 01            [ 1]  810 	sll	(1, sp)
      00037A 4A               [ 1]  811 	dec	a
      00037B 26 FB            [ 1]  812 	jrne	00134$
      00037D                        813 00135$:
      00037D 84               [ 1]  814 	pop	a
      00037E 43               [ 1]  815 	cpl	a
      00037F 14 03            [ 1]  816 	and	a, (0x03, sp)
      000381 C7 54 0D         [ 1]  817 	ld	0x540d, a
      000384 20 2A            [ 2]  818 	jra	00110$
      000386                        819 00102$:
                                    820 ;	STM8S_StdPeriph_Lib/Libraries/STM8S_StdPeriph_Driver/src/stm8s_adc1.c: 589: ADC1->AWSRH &= (uint8_t)~(uint8_t)((uint8_t)1 << (temp - 8));
      000386 C6 54 0C         [ 1]  821 	ld	a, 0x540c
      000389 6B 02            [ 1]  822 	ld	(0x02, sp), a
      00038B 1D 00 08         [ 2]  823 	subw	x, #8
      00038E A6 01            [ 1]  824 	ld	a, #0x01
      000390 88               [ 1]  825 	push	a
      000391 9F               [ 1]  826 	ld	a, xl
      000392 4D               [ 1]  827 	tnz	a
      000393 27 05            [ 1]  828 	jreq	00137$
      000395                        829 00136$:
      000395 08 01            [ 1]  830 	sll	(1, sp)
      000397 4A               [ 1]  831 	dec	a
      000398 26 FB            [ 1]  832 	jrne	00136$
      00039A                        833 00137$:
      00039A 84               [ 1]  834 	pop	a
      00039B 43               [ 1]  835 	cpl	a
      00039C 14 02            [ 1]  836 	and	a, (0x02, sp)
      00039E C7 54 0C         [ 1]  837 	ld	0x540c, a
      0003A1 20 0D            [ 2]  838 	jra	00110$
      0003A3                        839 00105$:
                                    840 ;	STM8S_StdPeriph_Lib/Libraries/STM8S_StdPeriph_Driver/src/stm8s_adc1.c: 594: ADC1->CSR &= (uint8_t) (~Flag);
      0003A3 C6 54 00         [ 1]  841 	ld	a, 0x5400
      0003A6 6B 01            [ 1]  842 	ld	(0x01, sp), a
      0003A8 7B 08            [ 1]  843 	ld	a, (0x08, sp)
      0003AA 43               [ 1]  844 	cpl	a
      0003AB 14 01            [ 1]  845 	and	a, (0x01, sp)
      0003AD C7 54 00         [ 1]  846 	ld	0x5400, a
      0003B0                        847 00110$:
                                    848 ;	STM8S_StdPeriph_Lib/Libraries/STM8S_StdPeriph_Driver/src/stm8s_adc1.c: 596: }
      0003B0 5B 05            [ 2]  849 	addw	sp, #5
      0003B2 81               [ 4]  850 	ret
                                    851 ;	STM8S_StdPeriph_Lib/Libraries/STM8S_StdPeriph_Driver/src/stm8s_adc1.c: 616: ITStatus ADC1_GetITStatus(ADC1_IT_TypeDef ITPendingBit)
                                    852 ;	-----------------------------------------
                                    853 ;	 function ADC1_GetITStatus
                                    854 ;	-----------------------------------------
      0003B3                        855 _ADC1_GetITStatus:
      0003B3 52 03            [ 2]  856 	sub	sp, #3
                                    857 ;	STM8S_StdPeriph_Lib/Libraries/STM8S_StdPeriph_Driver/src/stm8s_adc1.c: 624: if (((uint16_t)ITPendingBit & 0xF0) == 0x10)
      0003B5 7B 07            [ 1]  858 	ld	a, (0x07, sp)
      0003B7 A4 F0            [ 1]  859 	and	a, #0xf0
      0003B9 97               [ 1]  860 	ld	xl, a
      0003BA 4F               [ 1]  861 	clr	a
      0003BB 95               [ 1]  862 	ld	xh, a
                                    863 ;	STM8S_StdPeriph_Lib/Libraries/STM8S_StdPeriph_Driver/src/stm8s_adc1.c: 627: temp = (uint8_t)((uint16_t)ITPendingBit & 0x0F);
      0003BC 7B 07            [ 1]  864 	ld	a, (0x07, sp)
                                    865 ;	STM8S_StdPeriph_Lib/Libraries/STM8S_StdPeriph_Driver/src/stm8s_adc1.c: 624: if (((uint16_t)ITPendingBit & 0xF0) == 0x10)
      0003BE A3 00 10         [ 2]  866 	cpw	x, #0x0010
      0003C1 26 36            [ 1]  867 	jrne	00105$
                                    868 ;	STM8S_StdPeriph_Lib/Libraries/STM8S_StdPeriph_Driver/src/stm8s_adc1.c: 627: temp = (uint8_t)((uint16_t)ITPendingBit & 0x0F);
      0003C3 A4 0F            [ 1]  869 	and	a, #0x0f
                                    870 ;	STM8S_StdPeriph_Lib/Libraries/STM8S_StdPeriph_Driver/src/stm8s_adc1.c: 628: if (temp < 8)
      0003C5 97               [ 1]  871 	ld	xl, a
      0003C6 A1 08            [ 1]  872 	cp	a, #0x08
      0003C8 24 16            [ 1]  873 	jrnc	00102$
                                    874 ;	STM8S_StdPeriph_Lib/Libraries/STM8S_StdPeriph_Driver/src/stm8s_adc1.c: 630: itstatus = (ITStatus)(ADC1->AWSRL & (uint8_t)((uint8_t)1 << temp));
      0003CA C6 54 0D         [ 1]  875 	ld	a, 0x540d
      0003CD 88               [ 1]  876 	push	a
      0003CE A6 01            [ 1]  877 	ld	a, #0x01
      0003D0 6B 02            [ 1]  878 	ld	(0x02, sp), a
      0003D2 9F               [ 1]  879 	ld	a, xl
      0003D3 4D               [ 1]  880 	tnz	a
      0003D4 27 05            [ 1]  881 	jreq	00124$
      0003D6                        882 00123$:
      0003D6 08 02            [ 1]  883 	sll	(0x02, sp)
      0003D8 4A               [ 1]  884 	dec	a
      0003D9 26 FB            [ 1]  885 	jrne	00123$
      0003DB                        886 00124$:
      0003DB 84               [ 1]  887 	pop	a
      0003DC 14 01            [ 1]  888 	and	a, (0x01, sp)
      0003DE 20 23            [ 2]  889 	jra	00106$
      0003E0                        890 00102$:
                                    891 ;	STM8S_StdPeriph_Lib/Libraries/STM8S_StdPeriph_Driver/src/stm8s_adc1.c: 634: itstatus = (ITStatus)(ADC1->AWSRH & (uint8_t)((uint8_t)1 << (temp - 8)));
      0003E0 C6 54 0C         [ 1]  892 	ld	a, 0x540c
      0003E3 6B 03            [ 1]  893 	ld	(0x03, sp), a
      0003E5 1D 00 08         [ 2]  894 	subw	x, #8
      0003E8 A6 01            [ 1]  895 	ld	a, #0x01
      0003EA 88               [ 1]  896 	push	a
      0003EB 9F               [ 1]  897 	ld	a, xl
      0003EC 4D               [ 1]  898 	tnz	a
      0003ED 27 05            [ 1]  899 	jreq	00126$
      0003EF                        900 00125$:
      0003EF 08 01            [ 1]  901 	sll	(1, sp)
      0003F1 4A               [ 1]  902 	dec	a
      0003F2 26 FB            [ 1]  903 	jrne	00125$
      0003F4                        904 00126$:
      0003F4 84               [ 1]  905 	pop	a
      0003F5 14 03            [ 1]  906 	and	a, (0x03, sp)
      0003F7 20 0A            [ 2]  907 	jra	00106$
      0003F9                        908 00105$:
                                    909 ;	STM8S_StdPeriph_Lib/Libraries/STM8S_StdPeriph_Driver/src/stm8s_adc1.c: 639: itstatus = (ITStatus)(ADC1->CSR & (uint8_t)ITPendingBit);
      0003F9 AE 54 00         [ 2]  910 	ldw	x, #0x5400
      0003FC 88               [ 1]  911 	push	a
      0003FD F6               [ 1]  912 	ld	a, (x)
      0003FE 6B 03            [ 1]  913 	ld	(0x03, sp), a
      000400 84               [ 1]  914 	pop	a
      000401 14 02            [ 1]  915 	and	a, (0x02, sp)
      000403                        916 00106$:
                                    917 ;	STM8S_StdPeriph_Lib/Libraries/STM8S_StdPeriph_Driver/src/stm8s_adc1.c: 641: return ((ITStatus)itstatus);
                                    918 ;	STM8S_StdPeriph_Lib/Libraries/STM8S_StdPeriph_Driver/src/stm8s_adc1.c: 642: }
      000403 5B 03            [ 2]  919 	addw	sp, #3
      000405 81               [ 4]  920 	ret
                                    921 ;	STM8S_StdPeriph_Lib/Libraries/STM8S_StdPeriph_Driver/src/stm8s_adc1.c: 662: void ADC1_ClearITPendingBit(ADC1_IT_TypeDef ITPendingBit)
                                    922 ;	-----------------------------------------
                                    923 ;	 function ADC1_ClearITPendingBit
                                    924 ;	-----------------------------------------
      000406                        925 _ADC1_ClearITPendingBit:
      000406 52 02            [ 2]  926 	sub	sp, #2
                                    927 ;	STM8S_StdPeriph_Lib/Libraries/STM8S_StdPeriph_Driver/src/stm8s_adc1.c: 669: if (((uint16_t)ITPendingBit & 0xF0) == 0x10)
      000408 7B 06            [ 1]  928 	ld	a, (0x06, sp)
      00040A A4 F0            [ 1]  929 	and	a, #0xf0
      00040C 97               [ 1]  930 	ld	xl, a
      00040D 4F               [ 1]  931 	clr	a
      00040E 95               [ 1]  932 	ld	xh, a
      00040F A3 00 10         [ 2]  933 	cpw	x, #0x0010
      000412 26 40            [ 1]  934 	jrne	00105$
                                    935 ;	STM8S_StdPeriph_Lib/Libraries/STM8S_StdPeriph_Driver/src/stm8s_adc1.c: 672: temp = (uint8_t)((uint16_t)ITPendingBit & 0x0F);
      000414 7B 06            [ 1]  936 	ld	a, (0x06, sp)
      000416 A4 0F            [ 1]  937 	and	a, #0x0f
                                    938 ;	STM8S_StdPeriph_Lib/Libraries/STM8S_StdPeriph_Driver/src/stm8s_adc1.c: 673: if (temp < 8)
      000418 97               [ 1]  939 	ld	xl, a
      000419 A1 08            [ 1]  940 	cp	a, #0x08
      00041B 24 1A            [ 1]  941 	jrnc	00102$
                                    942 ;	STM8S_StdPeriph_Lib/Libraries/STM8S_StdPeriph_Driver/src/stm8s_adc1.c: 675: ADC1->AWSRL &= (uint8_t)~(uint8_t)((uint8_t)1 << temp);
      00041D C6 54 0D         [ 1]  943 	ld	a, 0x540d
      000420 6B 02            [ 1]  944 	ld	(0x02, sp), a
      000422 A6 01            [ 1]  945 	ld	a, #0x01
      000424 88               [ 1]  946 	push	a
      000425 9F               [ 1]  947 	ld	a, xl
      000426 4D               [ 1]  948 	tnz	a
      000427 27 05            [ 1]  949 	jreq	00124$
      000429                        950 00123$:
      000429 08 01            [ 1]  951 	sll	(1, sp)
      00042B 4A               [ 1]  952 	dec	a
      00042C 26 FB            [ 1]  953 	jrne	00123$
      00042E                        954 00124$:
      00042E 84               [ 1]  955 	pop	a
      00042F 43               [ 1]  956 	cpl	a
      000430 14 02            [ 1]  957 	and	a, (0x02, sp)
      000432 C7 54 0D         [ 1]  958 	ld	0x540d, a
      000435 20 2A            [ 2]  959 	jra	00107$
      000437                        960 00102$:
                                    961 ;	STM8S_StdPeriph_Lib/Libraries/STM8S_StdPeriph_Driver/src/stm8s_adc1.c: 679: ADC1->AWSRH &= (uint8_t)~(uint8_t)((uint8_t)1 << (temp - 8));
      000437 C6 54 0C         [ 1]  962 	ld	a, 0x540c
      00043A 6B 01            [ 1]  963 	ld	(0x01, sp), a
      00043C 1D 00 08         [ 2]  964 	subw	x, #8
      00043F A6 01            [ 1]  965 	ld	a, #0x01
      000441 88               [ 1]  966 	push	a
      000442 9F               [ 1]  967 	ld	a, xl
      000443 4D               [ 1]  968 	tnz	a
      000444 27 05            [ 1]  969 	jreq	00126$
      000446                        970 00125$:
      000446 08 01            [ 1]  971 	sll	(1, sp)
      000448 4A               [ 1]  972 	dec	a
      000449 26 FB            [ 1]  973 	jrne	00125$
      00044B                        974 00126$:
      00044B 84               [ 1]  975 	pop	a
      00044C 43               [ 1]  976 	cpl	a
      00044D 14 01            [ 1]  977 	and	a, (0x01, sp)
      00044F C7 54 0C         [ 1]  978 	ld	0x540c, a
      000452 20 0D            [ 2]  979 	jra	00107$
      000454                        980 00105$:
                                    981 ;	STM8S_StdPeriph_Lib/Libraries/STM8S_StdPeriph_Driver/src/stm8s_adc1.c: 684: ADC1->CSR &= (uint8_t)((uint16_t)~(uint16_t)ITPendingBit);
      000454 C6 54 00         [ 1]  982 	ld	a, 0x5400
      000457 1E 05            [ 2]  983 	ldw	x, (0x05, sp)
      000459 53               [ 2]  984 	cplw	x
      00045A 89               [ 2]  985 	pushw	x
      00045B 14 02            [ 1]  986 	and	a, (2, sp)
      00045D 85               [ 2]  987 	popw	x
      00045E C7 54 00         [ 1]  988 	ld	0x5400, a
      000461                        989 00107$:
                                    990 ;	STM8S_StdPeriph_Lib/Libraries/STM8S_StdPeriph_Driver/src/stm8s_adc1.c: 686: }
      000461 5B 02            [ 2]  991 	addw	sp, #2
      000463 81               [ 4]  992 	ret
                                    993 	.area CODE
                                    994 	.area CONST
                                    995 	.area INITIALIZER
                                    996 	.area CABS (ABS)
