                                      1 ;--------------------------------------------------------
                                      2 ; File Created by SDCC : free open source ANSI-C Compiler
                                      3 ; Version 3.8.0 #10562 (Linux)
                                      4 ;--------------------------------------------------------
                                      5 	.module beep
                                      6 	.optsdcc -mstm8
                                      7 	
                                      8 ;--------------------------------------------------------
                                      9 ; Public variables in this module
                                     10 ;--------------------------------------------------------
                                     11 	.globl _GPIO_ReadInputPin
                                     12 	.globl _GPIO_WriteLow
                                     13 	.globl _GPIO_WriteHigh
                                     14 	.globl _GPIO_Init
                                     15 	.globl _beep_init
                                     16 	.globl _beep_read
                                     17 	.globl _beep_on
                                     18 	.globl _beep_off
                                     19 ;--------------------------------------------------------
                                     20 ; ram data
                                     21 ;--------------------------------------------------------
                                     22 	.area DATA
                                     23 ;--------------------------------------------------------
                                     24 ; ram data
                                     25 ;--------------------------------------------------------
                                     26 	.area INITIALIZED
                                     27 ;--------------------------------------------------------
                                     28 ; absolute external ram data
                                     29 ;--------------------------------------------------------
                                     30 	.area DABS (ABS)
                                     31 
                                     32 ; default segment ordering for linker
                                     33 	.area HOME
                                     34 	.area GSINIT
                                     35 	.area GSFINAL
                                     36 	.area CONST
                                     37 	.area INITIALIZER
                                     38 	.area CODE
                                     39 
                                     40 ;--------------------------------------------------------
                                     41 ; global & static initialisations
                                     42 ;--------------------------------------------------------
                                     43 	.area HOME
                                     44 	.area GSINIT
                                     45 	.area GSFINAL
                                     46 	.area GSINIT
                                     47 ;--------------------------------------------------------
                                     48 ; Home
                                     49 ;--------------------------------------------------------
                                     50 	.area HOME
                                     51 	.area HOME
                                     52 ;--------------------------------------------------------
                                     53 ; code
                                     54 ;--------------------------------------------------------
                                     55 	.area CODE
                                     56 ;	driver/beep.c: 2: void beep_init()
                                     57 ;	-----------------------------------------
                                     58 ;	 function beep_init
                                     59 ;	-----------------------------------------
      000000                         60 _beep_init:
                                     61 ;	driver/beep.c: 4: GPIO_Init(GPIOD, GPIO_PIN_7, GPIO_MODE_OUT_OD_LOW_SLOW);
      000000 4B 80            [ 1]   62 	push	#0x80
      000002 4B 80            [ 1]   63 	push	#0x80
      000004 4B 0F            [ 1]   64 	push	#0x0f
      000006 4B 50            [ 1]   65 	push	#0x50
      000008 CDr00r00         [ 4]   66 	call	_GPIO_Init
      00000B 5B 04            [ 2]   67 	addw	sp, #4
                                     68 ;	driver/beep.c: 5: }
      00000D 81               [ 4]   69 	ret
                                     70 ;	driver/beep.c: 7: BitStatus beep_read()
                                     71 ;	-----------------------------------------
                                     72 ;	 function beep_read
                                     73 ;	-----------------------------------------
      00000E                         74 _beep_read:
                                     75 ;	driver/beep.c: 9: return GPIO_ReadInputPin(GPIOD,GPIO_PIN_7);
      00000E 4B 80            [ 1]   76 	push	#0x80
      000010 4B 0F            [ 1]   77 	push	#0x0f
      000012 4B 50            [ 1]   78 	push	#0x50
      000014 CDr00r00         [ 4]   79 	call	_GPIO_ReadInputPin
      000017 5B 03            [ 2]   80 	addw	sp, #3
                                     81 ;	driver/beep.c: 10: }
      000019 81               [ 4]   82 	ret
                                     83 ;	driver/beep.c: 11: void beep_on()
                                     84 ;	-----------------------------------------
                                     85 ;	 function beep_on
                                     86 ;	-----------------------------------------
      00001A                         87 _beep_on:
                                     88 ;	driver/beep.c: 13: GPIO_Init(GPIOD, GPIO_PIN_7, GPIO_MODE_OUT_PP_HIGH_SLOW);
      00001A 4B D0            [ 1]   89 	push	#0xd0
      00001C 4B 80            [ 1]   90 	push	#0x80
      00001E 4B 0F            [ 1]   91 	push	#0x0f
      000020 4B 50            [ 1]   92 	push	#0x50
      000022 CDr00r00         [ 4]   93 	call	_GPIO_Init
      000025 5B 04            [ 2]   94 	addw	sp, #4
                                     95 ;	driver/beep.c: 14: GPIO_WriteHigh(GPIOD,GPIO_PIN_7);
      000027 4B 80            [ 1]   96 	push	#0x80
      000029 4B 0F            [ 1]   97 	push	#0x0f
      00002B 4B 50            [ 1]   98 	push	#0x50
      00002D CDr00r00         [ 4]   99 	call	_GPIO_WriteHigh
      000030 5B 03            [ 2]  100 	addw	sp, #3
                                    101 ;	driver/beep.c: 15: }
      000032 81               [ 4]  102 	ret
                                    103 ;	driver/beep.c: 16: void beep_off()
                                    104 ;	-----------------------------------------
                                    105 ;	 function beep_off
                                    106 ;	-----------------------------------------
      000033                        107 _beep_off:
                                    108 ;	driver/beep.c: 18: GPIO_Init(GPIOD, GPIO_PIN_7, GPIO_MODE_OUT_PP_LOW_SLOW);
      000033 4B C0            [ 1]  109 	push	#0xc0
      000035 4B 80            [ 1]  110 	push	#0x80
      000037 4B 0F            [ 1]  111 	push	#0x0f
      000039 4B 50            [ 1]  112 	push	#0x50
      00003B CDr00r00         [ 4]  113 	call	_GPIO_Init
      00003E 5B 04            [ 2]  114 	addw	sp, #4
                                    115 ;	driver/beep.c: 19: GPIO_WriteLow(GPIOD,GPIO_PIN_7);
      000040 4B 80            [ 1]  116 	push	#0x80
      000042 4B 0F            [ 1]  117 	push	#0x0f
      000044 4B 50            [ 1]  118 	push	#0x50
      000046 CDr00r00         [ 4]  119 	call	_GPIO_WriteLow
      000049 5B 03            [ 2]  120 	addw	sp, #3
                                    121 ;	driver/beep.c: 20: }
      00004B 81               [ 4]  122 	ret
                                    123 	.area CODE
                                    124 	.area CONST
                                    125 	.area INITIALIZER
                                    126 	.area CABS (ABS)
