                                      1 ;--------------------------------------------------------
                                      2 ; File Created by SDCC : free open source ANSI-C Compiler
                                      3 ; Version 3.8.0 #10562 (Linux)
                                      4 ;--------------------------------------------------------
                                      5 	.module relay
                                      6 	.optsdcc -mstm8
                                      7 	
                                      8 ;--------------------------------------------------------
                                      9 ; Public variables in this module
                                     10 ;--------------------------------------------------------
                                     11 	.globl _GPIO_ReadInputPin
                                     12 	.globl _GPIO_WriteLow
                                     13 	.globl _GPIO_WriteHigh
                                     14 	.globl _GPIO_Init
                                     15 	.globl _relay_read
                                     16 	.globl _relay_on
                                     17 	.globl _relay_off
                                     18 ;--------------------------------------------------------
                                     19 ; ram data
                                     20 ;--------------------------------------------------------
                                     21 	.area DATA
                                     22 ;--------------------------------------------------------
                                     23 ; ram data
                                     24 ;--------------------------------------------------------
                                     25 	.area INITIALIZED
                                     26 ;--------------------------------------------------------
                                     27 ; absolute external ram data
                                     28 ;--------------------------------------------------------
                                     29 	.area DABS (ABS)
                                     30 
                                     31 ; default segment ordering for linker
                                     32 	.area HOME
                                     33 	.area GSINIT
                                     34 	.area GSFINAL
                                     35 	.area CONST
                                     36 	.area INITIALIZER
                                     37 	.area CODE
                                     38 
                                     39 ;--------------------------------------------------------
                                     40 ; global & static initialisations
                                     41 ;--------------------------------------------------------
                                     42 	.area HOME
                                     43 	.area GSINIT
                                     44 	.area GSFINAL
                                     45 	.area GSINIT
                                     46 ;--------------------------------------------------------
                                     47 ; Home
                                     48 ;--------------------------------------------------------
                                     49 	.area HOME
                                     50 	.area HOME
                                     51 ;--------------------------------------------------------
                                     52 ; code
                                     53 ;--------------------------------------------------------
                                     54 	.area CODE
                                     55 ;	driver/relay.c: 2: BitStatus  relay_read()
                                     56 ;	-----------------------------------------
                                     57 ;	 function relay_read
                                     58 ;	-----------------------------------------
      000000                         59 _relay_read:
                                     60 ;	driver/relay.c: 4: return GPIO_ReadInputPin(GPIOE,GPIO_PIN_5);
      000000 4B 20            [ 1]   61 	push	#0x20
      000002 4B 14            [ 1]   62 	push	#0x14
      000004 4B 50            [ 1]   63 	push	#0x50
      000006 CDr00r00         [ 4]   64 	call	_GPIO_ReadInputPin
      000009 5B 03            [ 2]   65 	addw	sp, #3
                                     66 ;	driver/relay.c: 5: }
      00000B 81               [ 4]   67 	ret
                                     68 ;	driver/relay.c: 6: void relay_on()
                                     69 ;	-----------------------------------------
                                     70 ;	 function relay_on
                                     71 ;	-----------------------------------------
      00000C                         72 _relay_on:
                                     73 ;	driver/relay.c: 8: GPIO_Init(GPIOE,GPIO_PIN_5, GPIO_MODE_OUT_PP_HIGH_SLOW);
      00000C 4B D0            [ 1]   74 	push	#0xd0
      00000E 4B 20            [ 1]   75 	push	#0x20
      000010 4B 14            [ 1]   76 	push	#0x14
      000012 4B 50            [ 1]   77 	push	#0x50
      000014 CDr00r00         [ 4]   78 	call	_GPIO_Init
      000017 5B 04            [ 2]   79 	addw	sp, #4
                                     80 ;	driver/relay.c: 9: GPIO_WriteHigh(GPIOE,GPIO_PIN_5);
      000019 4B 20            [ 1]   81 	push	#0x20
      00001B 4B 14            [ 1]   82 	push	#0x14
      00001D 4B 50            [ 1]   83 	push	#0x50
      00001F CDr00r00         [ 4]   84 	call	_GPIO_WriteHigh
      000022 5B 03            [ 2]   85 	addw	sp, #3
                                     86 ;	driver/relay.c: 10: }
      000024 81               [ 4]   87 	ret
                                     88 ;	driver/relay.c: 11: void relay_off()
                                     89 ;	-----------------------------------------
                                     90 ;	 function relay_off
                                     91 ;	-----------------------------------------
      000025                         92 _relay_off:
                                     93 ;	driver/relay.c: 13: GPIO_Init(GPIOE,GPIO_PIN_5, GPIO_MODE_OUT_PP_LOW_SLOW);
      000025 4B C0            [ 1]   94 	push	#0xc0
      000027 4B 20            [ 1]   95 	push	#0x20
      000029 4B 14            [ 1]   96 	push	#0x14
      00002B 4B 50            [ 1]   97 	push	#0x50
      00002D CDr00r00         [ 4]   98 	call	_GPIO_Init
      000030 5B 04            [ 2]   99 	addw	sp, #4
                                    100 ;	driver/relay.c: 14: GPIO_WriteLow(GPIOE,GPIO_PIN_5);
      000032 4B 20            [ 1]  101 	push	#0x20
      000034 4B 14            [ 1]  102 	push	#0x14
      000036 4B 50            [ 1]  103 	push	#0x50
      000038 CDr00r00         [ 4]  104 	call	_GPIO_WriteLow
      00003B 5B 03            [ 2]  105 	addw	sp, #3
                                    106 ;	driver/relay.c: 15: }
      00003D 81               [ 4]  107 	ret
                                    108 	.area CODE
                                    109 	.area CONST
                                    110 	.area INITIALIZER
                                    111 	.area CABS (ABS)
